2020-09-12 16:55:12,120 [AddReturn] [ERROR] InboundController - The "RenderBody" method has not been called for layout page "~/Views/Shared/_LayoutAdmin.cshtml".
System.Web.HttpException (0x80004005): The "RenderBody" method has not been called for layout page "~/Views/Shared/_LayoutAdmin.cshtml".
   at System.Web.WebPages.WebPageBase.VerifyRenderedBodyOrSections()
   at System.Web.WebPages.WebPageBase.PopContext()
   at System.Web.WebPages.WebPageBase.ExecutePageHierarchy(WebPageContext pageContext, TextWriter writer, WebPageRenderingBase startPage)
   at System.Web.WebPages.WebPageBase.<>c__DisplayClass3.<RenderPageCore>b__2(TextWriter writer)
   at System.Web.WebPages.HelperResult.WriteTo(TextWriter writer)
   at System.Web.WebPages.WebPageBase.Write(HelperResult result)
   at System.Web.WebPages.WebPageBase.RenderSurrounding(String partialViewName, Action`1 body)
   at System.Web.WebPages.WebPageBase.PopContext()
   at System.Web.WebPages.WebPageBase.ExecutePageHierarchy(WebPageContext pageContext, TextWriter writer, WebPageRenderingBase startPage)
   at System.Web.Mvc.RazorView.RenderView(ViewContext viewContext, TextWriter writer, Object instance)
   at System.Web.Mvc.BuildManagerCompiledView.Render(ViewContext viewContext, TextWriter writer)
   at System.Web.Mvc.ViewResultBase.ExecuteResult(ControllerContext context)
   at System.Web.Mvc.ControllerActionInvoker.InvokeActionResult(ControllerContext controllerContext, ActionResult actionResult)
   at System.Web.Mvc.ControllerActionInvoker.InvokeActionResultFilterRecursive(IList`1 filters, Int32 filterIndex, ResultExecutingContext preContext, ControllerContext controllerContext, ActionResult actionResult)
   at System.Web.Mvc.ControllerActionInvoker.InvokeActionResultFilterRecursive(IList`1 filters, Int32 filterIndex, ResultExecutingContext preContext, ControllerContext controllerContext, ActionResult actionResult)
   at System.Web.Mvc.ControllerActionInvoker.InvokeActionResultWithFilters(ControllerContext controllerContext, IList`1 filters, ActionResult actionResult)
   at System.Web.Mvc.Async.AsyncControllerActionInvoker.<>c__DisplayClass21.<>c__DisplayClass2b.<BeginInvokeAction>b__1c()
   at System.Web.Mvc.Async.AsyncControllerActionInvoker.<>c__DisplayClass21.<BeginInvokeAction>b__1e(IAsyncResult asyncResult)
2020-09-12 17:56:00,787 [GetDispatchedDataFilter] [ERROR] WMSCustomerPortal.Web.Controllers.ReportsController - A transport-level error has occurred when receiving results from the server. (provider: TCP Provider, error: 0 - The semaphore timeout period has expired.)
System.Data.SqlClient.SqlException (0x80131904): A transport-level error has occurred when receiving results from the server. (provider: TCP Provider, error: 0 - The semaphore timeout period has expired.) ---> System.ComponentModel.Win32Exception (0x80004005): The semaphore timeout period has expired
   at WMSCustomerPortal.Models.Entities.InboundMaster.GetInbound(Int32 principalID, DateTime DateFrom, DateTime DateTo, String UserName) in C:\Users\27815\Documents\RamCustomerPortal2\RAM.WMSCustomerPortal\WMSCustomerPortal.Models\Entities\InboundMaster.cs:line 627
   at WMSCustomerPortal.Web.Controllers.ReportsController.GetInbound(JQueryDataTableParamModel param, String formData) in C:\Users\27815\Documents\RamCustomerPortal2\RAM.WMSCustomerPortal\WMSCustomerPortal.Web\Controllers\ReportsController.cs:line 514
ClientConnectionId:564d58b8-a9b2-4082-bff3-c73f6ee46ad2
Error Number:121,State:0,Class:20
