2020-03-10 16:49:43,459 [ReturnOrderNumberAutoComplete] [ERROR] WMSCustomerPortal.Web.Controllers.ReturnsController - The column OrderID was not found on the IDataRecord being evaluated. This might indicate that the accessor was created with the wrong mappings.
System.InvalidOperationException: The column OrderID was not found on the IDataRecord being evaluated. This might indicate that the accessor was created with the wrong mappings. ---> System.IndexOutOfRangeException: OrderID
   at System.Data.ProviderBase.FieldNameLookup.GetOrdinal(String fieldName)
   at System.Data.SqlClient.SqlDataReader.GetOrdinal(String name)
   at System.Data.SqlClient.SqlDataReader.get_Item(String name)
   at Microsoft.Practices.EnterpriseLibrary.Data.DataReaderWrapper.System.Data.IDataRecord.get_Item(String name)
   at Microsoft.Practices.EnterpriseLibrary.Data.ColumnNameMapping.GetPropertyValue(IDataRecord row)
   --- End of inner exception stack trace ---
   at WMSCustomerPortal.Models.DataAccess.SQLDataManager.ReturnOrderNumber_Lookup(String startsWith, Int32 principalId, String eventUser) in C:\Users\Clive\Documents\Khodani 12-11-2019\RAM.WMSCustomerPortal\WMSCustomerPortal.Models\DataAccess\SQLDataManager.cs:line 528
   at WMSCustomerPortal.Web.Controllers.ReturnsController.ReturnOrderNumberAutoComplete(String startsWith) in C:\Users\Clive\Documents\Khodani 12-11-2019\RAM.WMSCustomerPortal\WMSCustomerPortal.Web\Controllers\ReturnsController.cs:line 68
2020-03-10 16:50:29,538 [ReturnOrderNumberAutoComplete] [ERROR] WMSCustomerPortal.Web.Controllers.ReturnsController - The column OrderID was not found on the IDataRecord being evaluated. This might indicate that the accessor was created with the wrong mappings.
System.InvalidOperationException: The column OrderID was not found on the IDataRecord being evaluated. This might indicate that the accessor was created with the wrong mappings. ---> System.IndexOutOfRangeException: OrderID
   at System.Data.ProviderBase.FieldNameLookup.GetOrdinal(String fieldName)
   at System.Data.SqlClient.SqlDataReader.GetOrdinal(String name)
   at System.Data.SqlClient.SqlDataReader.get_Item(String name)
   at Microsoft.Practices.EnterpriseLibrary.Data.DataReaderWrapper.System.Data.IDataRecord.get_Item(String name)
   at Microsoft.Practices.EnterpriseLibrary.Data.ColumnNameMapping.GetPropertyValue(IDataRecord row)
   --- End of inner exception stack trace ---
   at WMSCustomerPortal.Models.DataAccess.SQLDataManager.ReturnOrderNumber_Lookup(String startsWith, Int32 principalId, String eventUser) in C:\Users\Clive\Documents\Khodani 12-11-2019\RAM.WMSCustomerPortal\WMSCustomerPortal.Models\DataAccess\SQLDataManager.cs:line 528
   at WMSCustomerPortal.Web.Controllers.ReturnsController.ReturnOrderNumberAutoComplete(String startsWith) in C:\Users\Clive\Documents\Khodani 12-11-2019\RAM.WMSCustomerPortal\WMSCustomerPortal.Web\Controllers\ReturnsController.cs:line 68
2020-03-10 16:52:08,542 [ReturnOrderNumberAutoComplete] [ERROR] WMSCustomerPortal.Web.Controllers.ReturnsController - The column PrincipalID was not found on the IDataRecord being evaluated. This might indicate that the accessor was created with the wrong mappings.
System.InvalidOperationException: The column PrincipalID was not found on the IDataRecord being evaluated. This might indicate that the accessor was created with the wrong mappings. ---> System.IndexOutOfRangeException: PrincipalID
   at System.Data.ProviderBase.FieldNameLookup.GetOrdinal(String fieldName)
   at System.Data.SqlClient.SqlDataReader.GetOrdinal(String name)
   at System.Data.SqlClient.SqlDataReader.get_Item(String name)
   at Microsoft.Practices.EnterpriseLibrary.Data.DataReaderWrapper.System.Data.IDataRecord.get_Item(String name)
   at Microsoft.Practices.EnterpriseLibrary.Data.ColumnNameMapping.GetPropertyValue(IDataRecord row)
   --- End of inner exception stack trace ---
   at WMSCustomerPortal.Models.DataAccess.SQLDataManager.ReturnOrderNumber_Lookup(String startsWith, Int32 principalId, String eventUser) in C:\Users\Clive\Documents\Khodani 12-11-2019\RAM.WMSCustomerPortal\WMSCustomerPortal.Models\DataAccess\SQLDataManager.cs:line 528
   at WMSCustomerPortal.Web.Controllers.ReturnsController.ReturnOrderNumberAutoComplete(String startsWith) in C:\Users\Clive\Documents\Khodani 12-11-2019\RAM.WMSCustomerPortal\WMSCustomerPortal.Web\Controllers\ReturnsController.cs:line 68
