2020-05-12 12:56:34,168 [OrderCustomerName_Lookup] [ERROR] WMSCustomerPortal.Web.Controllers.OutboundController - Execution Timeout Expired.  The timeout period elapsed prior to completion of the operation or the server is not responding.
System.Data.SqlClient.SqlException (0x80131904): Execution Timeout Expired.  The timeout period elapsed prior to completion of the operation or the server is not responding. ---> System.ComponentModel.Win32Exception (0x80004005): The wait operation timed out
   at WMSCustomerPortal.Models.DataAccess.SQLDataManager.OrderCustomerName_Lookup(String startsWith, Int32 principalId, String eventUser) in C:\Users\Clive\Documents\Khodani 12-11-2019\RAM.WMSCustomerPortal\WMSCustomerPortal.Models\DataAccess\SQLDataManager.cs:line 255
   at WMSCustomerPortal.Web.Controllers.OutboundController.OrderCustomerName_Lookup(String startsWith) in C:\Users\Clive\Documents\Khodani 12-11-2019\RAM.WMSCustomerPortal\WMSCustomerPortal.Web\Controllers\OutboundController.cs:line 170
ClientConnectionId:7e9a3278-128e-4a7c-a4c4-e731689ae4fc
Error Number:-2,State:0,Class:11
2020-05-12 12:57:57,314 [OrderCustomerName_Lookup] [ERROR] WMSCustomerPortal.Web.Controllers.OutboundController - Execution Timeout Expired.  The timeout period elapsed prior to completion of the operation or the server is not responding.
System.Data.SqlClient.SqlException (0x80131904): Execution Timeout Expired.  The timeout period elapsed prior to completion of the operation or the server is not responding. ---> System.ComponentModel.Win32Exception (0x80004005): The wait operation timed out
   at WMSCustomerPortal.Models.DataAccess.SQLDataManager.OrderCustomerName_Lookup(String startsWith, Int32 principalId, String eventUser) in C:\Users\Clive\Documents\Khodani 12-11-2019\RAM.WMSCustomerPortal\WMSCustomerPortal.Models\DataAccess\SQLDataManager.cs:line 255
   at WMSCustomerPortal.Web.Controllers.OutboundController.OrderCustomerName_Lookup(String startsWith) in C:\Users\Clive\Documents\Khodani 12-11-2019\RAM.WMSCustomerPortal\WMSCustomerPortal.Web\Controllers\OutboundController.cs:line 170
ClientConnectionId:7e9a3278-128e-4a7c-a4c4-e731689ae4fc
Error Number:-2,State:0,Class:11
2020-05-12 13:05:22,648 [OrderCustomerName_Lookup] [ERROR] WMSCustomerPortal.Web.Controllers.OutboundController - Execution Timeout Expired.  The timeout period elapsed prior to completion of the operation or the server is not responding.
System.Data.SqlClient.SqlException (0x80131904): Execution Timeout Expired.  The timeout period elapsed prior to completion of the operation or the server is not responding. ---> System.ComponentModel.Win32Exception (0x80004005): The wait operation timed out
   at WMSCustomerPortal.Models.DataAccess.SQLDataManager.OrderCustomerName_Lookup(String startsWith, Int32 principalId, String eventUser) in C:\Users\Clive\Documents\Khodani 12-11-2019\RAM.WMSCustomerPortal\WMSCustomerPortal.Models\DataAccess\SQLDataManager.cs:line 255
   at WMSCustomerPortal.Web.Controllers.OutboundController.OrderCustomerName_Lookup(String startsWith) in C:\Users\Clive\Documents\Khodani 12-11-2019\RAM.WMSCustomerPortal\WMSCustomerPortal.Web\Controllers\OutboundController.cs:line 170
ClientConnectionId:05116a5f-745f-447b-84cb-624ef045e1af
Error Number:-2,State:0,Class:11
2020-05-12 13:07:28,236 [OrderCustomerName_Lookup] [ERROR] WMSCustomerPortal.Web.Controllers.OutboundController - Execution Timeout Expired.  The timeout period elapsed prior to completion of the operation or the server is not responding.
System.Data.SqlClient.SqlException (0x80131904): Execution Timeout Expired.  The timeout period elapsed prior to completion of the operation or the server is not responding. ---> System.ComponentModel.Win32Exception (0x80004005): The wait operation timed out
   at WMSCustomerPortal.Models.DataAccess.SQLDataManager.OrderCustomerName_Lookup(String startsWith, Int32 principalId, String eventUser) in C:\Users\Clive\Documents\Khodani 12-11-2019\RAM.WMSCustomerPortal\WMSCustomerPortal.Models\DataAccess\SQLDataManager.cs:line 255
   at WMSCustomerPortal.Web.Controllers.OutboundController.OrderCustomerName_Lookup(String startsWith) in C:\Users\Clive\Documents\Khodani 12-11-2019\RAM.WMSCustomerPortal\WMSCustomerPortal.Web\Controllers\OutboundController.cs:line 170
ClientConnectionId:37cd9b6c-3dbc-4748-874b-b4490cc39f8c
Error Number:-2,State:0,Class:11
2020-05-12 14:06:50,762 [OrderCustomerName_Lookup] [ERROR] WMSCustomerPortal.Web.Controllers.OutboundController - Execution Timeout Expired.  The timeout period elapsed prior to completion of the operation or the server is not responding.
System.Data.SqlClient.SqlException (0x80131904): Execution Timeout Expired.  The timeout period elapsed prior to completion of the operation or the server is not responding. ---> System.ComponentModel.Win32Exception (0x80004005): The wait operation timed out
   at WMSCustomerPortal.Models.DataAccess.SQLDataManager.OrderCustomerName_Lookup(String startsWith, Int32 principalId, String eventUser) in C:\Users\Clive\Documents\Khodani 12-11-2019\RAM.WMSCustomerPortal\WMSCustomerPortal.Models\DataAccess\SQLDataManager.cs:line 255
   at WMSCustomerPortal.Web.Controllers.OutboundController.OrderCustomerName_Lookup(String startsWith) in C:\Users\Clive\Documents\Khodani 12-11-2019\RAM.WMSCustomerPortal\WMSCustomerPortal.Web\Controllers\OutboundController.cs:line 170
ClientConnectionId:44d1b88b-6788-4435-8a4d-fbeb20d7718c
Error Number:-2,State:0,Class:11
2020-05-12 14:52:33,623 [OrderCustomerName_Lookup] [ERROR] WMSCustomerPortal.Web.Controllers.OutboundController - Execution Timeout Expired.  The timeout period elapsed prior to completion of the operation or the server is not responding.
System.Data.SqlClient.SqlException (0x80131904): Execution Timeout Expired.  The timeout period elapsed prior to completion of the operation or the server is not responding. ---> System.ComponentModel.Win32Exception (0x80004005): The wait operation timed out
   at WMSCustomerPortal.Models.DataAccess.SQLDataManager.OrderCustomerName_Lookup(String startsWith, Int32 principalId, String eventUser) in C:\Users\Clive\Documents\Khodani 12-11-2019\RAM.WMSCustomerPortal\WMSCustomerPortal.Models\DataAccess\SQLDataManager.cs:line 255
   at WMSCustomerPortal.Web.Controllers.OutboundController.OrderCustomerName_Lookup(String startsWith) in C:\Users\Clive\Documents\Khodani 12-11-2019\RAM.WMSCustomerPortal\WMSCustomerPortal.Web\Controllers\OutboundController.cs:line 170
ClientConnectionId:de05c8df-c018-4fba-a998-481d38585b08
Error Number:-2,State:0,Class:11
2020-05-12 14:58:13,437 [OrderCustomerName_Lookup] [ERROR] WMSCustomerPortal.Web.Controllers.OutboundController - Execution Timeout Expired.  The timeout period elapsed prior to completion of the operation or the server is not responding.
System.Data.SqlClient.SqlException (0x80131904): Execution Timeout Expired.  The timeout period elapsed prior to completion of the operation or the server is not responding. ---> System.ComponentModel.Win32Exception (0x80004005): The wait operation timed out
   at WMSCustomerPortal.Models.DataAccess.SQLDataManager.OrderCustomerName_Lookup(String startsWith, Int32 principalId, String eventUser) in C:\Users\Clive\Documents\Khodani 12-11-2019\RAM.WMSCustomerPortal\WMSCustomerPortal.Models\DataAccess\SQLDataManager.cs:line 255
   at WMSCustomerPortal.Web.Controllers.OutboundController.OrderCustomerName_Lookup(String startsWith) in C:\Users\Clive\Documents\Khodani 12-11-2019\RAM.WMSCustomerPortal\WMSCustomerPortal.Web\Controllers\OutboundController.cs:line 170
ClientConnectionId:bf8e37b1-a75c-4ea5-bd2a-f9d20d33d39f
Error Number:-2,State:0,Class:11
2020-05-12 15:01:04,965 [GetCompleteOutboundOrderFilter] [ERROR] WMSCustomerPortal.Web.Controllers.OutboundController - Execution Timeout Expired.  The timeout period elapsed prior to completion of the operation or the server is not responding.
System.Data.SqlClient.SqlException (0x80131904): Execution Timeout Expired.  The timeout period elapsed prior to completion of the operation or the server is not responding. ---> System.ComponentModel.Win32Exception (0x80004005): The wait operation timed out
   at WMSCustomerPortal.Models.Entities.Orders.ReadAllCompleteDS(Int32 principalID, String EventUser) in C:\Users\Clive\Documents\Khodani 12-11-2019\RAM.WMSCustomerPortal\WMSCustomerPortal.Models\Entities\Orders.cs:line 541
   at WMSCustomerPortal.Business.OutboundService.SearchCompleteOrdersDS(Int32 principalID, String EventUser) in C:\Users\Clive\Documents\Khodani 12-11-2019\RAM.WMSCustomerPortal\WMSCustomerPortal.Business\OutboundService.cs:line 77
   at WMSCustomerPortal.Web.Controllers.OutboundController.GetCompleteOutboundOrderFilter(JQueryDataTableParamModel param, String formData) in C:\Users\Clive\Documents\Khodani 12-11-2019\RAM.WMSCustomerPortal\WMSCustomerPortal.Web\Controllers\OutboundController.cs:line 282
ClientConnectionId:bf8e37b1-a75c-4ea5-bd2a-f9d20d33d39f
Error Number:-2,State:0,Class:11
2020-05-12 15:01:55,399 [GetCompleteOutboundOrderFilter] [ERROR] WMSCustomerPortal.Web.Controllers.OutboundController - Execution Timeout Expired.  The timeout period elapsed prior to completion of the operation or the server is not responding.
System.Data.SqlClient.SqlException (0x80131904): Execution Timeout Expired.  The timeout period elapsed prior to completion of the operation or the server is not responding. ---> System.ComponentModel.Win32Exception (0x80004005): The wait operation timed out
   at WMSCustomerPortal.Models.Entities.Orders.ReadAllCompleteDS(Int32 principalID, String EventUser) in C:\Users\Clive\Documents\Khodani 12-11-2019\RAM.WMSCustomerPortal\WMSCustomerPortal.Models\Entities\Orders.cs:line 541
   at WMSCustomerPortal.Business.OutboundService.SearchCompleteOrdersDS(Int32 principalID, String EventUser) in C:\Users\Clive\Documents\Khodani 12-11-2019\RAM.WMSCustomerPortal\WMSCustomerPortal.Business\OutboundService.cs:line 77
   at WMSCustomerPortal.Web.Controllers.OutboundController.GetCompleteOutboundOrderFilter(JQueryDataTableParamModel param, String formData) in C:\Users\Clive\Documents\Khodani 12-11-2019\RAM.WMSCustomerPortal\WMSCustomerPortal.Web\Controllers\OutboundController.cs:line 282
ClientConnectionId:29bc0308-a038-4db8-9f64-436415a82671
Error Number:-2,State:0,Class:11
2020-05-12 15:06:11,479 [GetCompleteOutboundOrderFilter] [ERROR] WMSCustomerPortal.Web.Controllers.OutboundController - Execution Timeout Expired.  The timeout period elapsed prior to completion of the operation or the server is not responding.
System.Data.SqlClient.SqlException (0x80131904): Execution Timeout Expired.  The timeout period elapsed prior to completion of the operation or the server is not responding. ---> System.ComponentModel.Win32Exception (0x80004005): The wait operation timed out
   at WMSCustomerPortal.Models.Entities.Orders.ReadAllCompleteDS(Int32 principalID, String EventUser) in C:\Users\Clive\Documents\Khodani 12-11-2019\RAM.WMSCustomerPortal\WMSCustomerPortal.Models\Entities\Orders.cs:line 541
   at WMSCustomerPortal.Business.OutboundService.SearchCompleteOrdersDS(Int32 principalID, String EventUser) in C:\Users\Clive\Documents\Khodani 12-11-2019\RAM.WMSCustomerPortal\WMSCustomerPortal.Business\OutboundService.cs:line 77
   at WMSCustomerPortal.Web.Controllers.OutboundController.GetCompleteOutboundOrderFilter(JQueryDataTableParamModel param, String formData) in C:\Users\Clive\Documents\Khodani 12-11-2019\RAM.WMSCustomerPortal\WMSCustomerPortal.Web\Controllers\OutboundController.cs:line 282
ClientConnectionId:8216852d-a765-468c-a2bd-99bd1067897a
Error Number:-2,State:0,Class:11
2020-05-12 15:06:42,359 [GetCompleteOutboundOrderFilter] [ERROR] WMSCustomerPortal.Web.Controllers.OutboundController - Execution Timeout Expired.  The timeout period elapsed prior to completion of the operation or the server is not responding.
System.Data.SqlClient.SqlException (0x80131904): Execution Timeout Expired.  The timeout period elapsed prior to completion of the operation or the server is not responding. ---> System.ComponentModel.Win32Exception (0x80004005): The wait operation timed out
   at WMSCustomerPortal.Models.Entities.Orders.ReadAllCompleteDS(Int32 principalID, String EventUser) in C:\Users\Clive\Documents\Khodani 12-11-2019\RAM.WMSCustomerPortal\WMSCustomerPortal.Models\Entities\Orders.cs:line 541
   at WMSCustomerPortal.Business.OutboundService.SearchCompleteOrdersDS(Int32 principalID, String EventUser) in C:\Users\Clive\Documents\Khodani 12-11-2019\RAM.WMSCustomerPortal\WMSCustomerPortal.Business\OutboundService.cs:line 77
   at WMSCustomerPortal.Web.Controllers.OutboundController.GetCompleteOutboundOrderFilter(JQueryDataTableParamModel param, String formData) in C:\Users\Clive\Documents\Khodani 12-11-2019\RAM.WMSCustomerPortal\WMSCustomerPortal.Web\Controllers\OutboundController.cs:line 282
ClientConnectionId:8216852d-a765-468c-a2bd-99bd1067897a
Error Number:-2,State:0,Class:11
2020-05-12 15:11:04,686 [GetCompleteOutboundOrderFilter] [ERROR] WMSCustomerPortal.Web.Controllers.OutboundController - Execution Timeout Expired.  The timeout period elapsed prior to completion of the operation or the server is not responding.
System.Data.SqlClient.SqlException (0x80131904): Execution Timeout Expired.  The timeout period elapsed prior to completion of the operation or the server is not responding. ---> System.ComponentModel.Win32Exception (0x80004005): The wait operation timed out
   at WMSCustomerPortal.Models.Entities.Orders.ReadAllCompleteDS(Int32 principalID, String EventUser) in C:\Users\Clive\Documents\Khodani 12-11-2019\RAM.WMSCustomerPortal\WMSCustomerPortal.Models\Entities\Orders.cs:line 541
   at WMSCustomerPortal.Business.OutboundService.SearchCompleteOrdersDS(Int32 principalID, String EventUser) in C:\Users\Clive\Documents\Khodani 12-11-2019\RAM.WMSCustomerPortal\WMSCustomerPortal.Business\OutboundService.cs:line 77
   at WMSCustomerPortal.Web.Controllers.OutboundController.GetCompleteOutboundOrderFilter(JQueryDataTableParamModel param, String formData) in C:\Users\Clive\Documents\Khodani 12-11-2019\RAM.WMSCustomerPortal\WMSCustomerPortal.Web\Controllers\OutboundController.cs:line 282
ClientConnectionId:0eb8e03c-51b1-4773-9353-cb7bb6d6bc91
Error Number:-2,State:0,Class:11
2020-05-12 15:11:46,583 [GetOutboundOrderFilter] [ERROR] WMSCustomerPortal.Web.Controllers.OutboundController - A network-related or instance-specific error occurred while establishing a connection to SQL Server. The server was not found or was not accessible. Verify that the instance name is correct and that SQL Server is configured to allow remote connections. (provider: Named Pipes Provider, error: 40 - Could not open a connection to SQL Server)
System.Data.SqlClient.SqlException (0x80131904): A network-related or instance-specific error occurred while establishing a connection to SQL Server. The server was not found or was not accessible. Verify that the instance name is correct and that SQL Server is configured to allow remote connections. (provider: Named Pipes Provider, error: 40 - Could not open a connection to SQL Server) ---> System.ComponentModel.Win32Exception (0x80004005): The network path was not found
   at WMSCustomerPortal.Models.Entities.Orders.ReadAllDS(Int32 principalID, String EventUser) in C:\Users\Clive\Documents\Khodani 12-11-2019\RAM.WMSCustomerPortal\WMSCustomerPortal.Models\Entities\Orders.cs:line 522
   at WMSCustomerPortal.Business.OutboundService.SearchOrdersDS(Int32 principalID, String EventUser) in C:\Users\Clive\Documents\Khodani 12-11-2019\RAM.WMSCustomerPortal\WMSCustomerPortal.Business\OutboundService.cs:line 68
   at WMSCustomerPortal.Web.Controllers.OutboundController.GetOutboundOrderFilter(JQueryDataTableParamModel param, String formData) in C:\Users\Clive\Documents\Khodani 12-11-2019\RAM.WMSCustomerPortal\WMSCustomerPortal.Web\Controllers\OutboundController.cs:line 248
ClientConnectionId:00000000-0000-0000-0000-000000000000
Error Number:53,State:0,Class:20
2020-05-12 15:12:33,585 [GetCompleteOutboundOrderFilter] [ERROR] WMSCustomerPortal.Web.Controllers.OutboundController - Execution Timeout Expired.  The timeout period elapsed prior to completion of the operation or the server is not responding.
System.Data.SqlClient.SqlException (0x80131904): Execution Timeout Expired.  The timeout period elapsed prior to completion of the operation or the server is not responding. ---> System.ComponentModel.Win32Exception (0x80004005): The wait operation timed out
   at WMSCustomerPortal.Models.Entities.Orders.ReadAllCompleteDS(Int32 principalID, String EventUser) in C:\Users\Clive\Documents\Khodani 12-11-2019\RAM.WMSCustomerPortal\WMSCustomerPortal.Models\Entities\Orders.cs:line 541
   at WMSCustomerPortal.Business.OutboundService.SearchCompleteOrdersDS(Int32 principalID, String EventUser) in C:\Users\Clive\Documents\Khodani 12-11-2019\RAM.WMSCustomerPortal\WMSCustomerPortal.Business\OutboundService.cs:line 77
   at WMSCustomerPortal.Web.Controllers.OutboundController.GetCompleteOutboundOrderFilter(JQueryDataTableParamModel param, String formData) in C:\Users\Clive\Documents\Khodani 12-11-2019\RAM.WMSCustomerPortal\WMSCustomerPortal.Web\Controllers\OutboundController.cs:line 282
ClientConnectionId:2c8ea925-0bd4-4e0e-b827-ed30e39ba27a
Error Number:-2,State:0,Class:11
2020-05-12 15:13:56,820 [GetCompleteOutboundOrderFilter] [ERROR] WMSCustomerPortal.Web.Controllers.OutboundController - A network-related or instance-specific error occurred while establishing a connection to SQL Server. The server was not found or was not accessible. Verify that the instance name is correct and that SQL Server is configured to allow remote connections. (provider: Named Pipes Provider, error: 40 - Could not open a connection to SQL Server)
System.Data.SqlClient.SqlException (0x80131904): A network-related or instance-specific error occurred while establishing a connection to SQL Server. The server was not found or was not accessible. Verify that the instance name is correct and that SQL Server is configured to allow remote connections. (provider: Named Pipes Provider, error: 40 - Could not open a connection to SQL Server) ---> System.ComponentModel.Win32Exception (0x80004005): The network path was not found
   at WMSCustomerPortal.Models.Entities.Orders.ReadAllCompleteDS(Int32 principalID, String EventUser) in C:\Users\Clive\Documents\Khodani 12-11-2019\RAM.WMSCustomerPortal\WMSCustomerPortal.Models\Entities\Orders.cs:line 541
   at WMSCustomerPortal.Business.OutboundService.SearchCompleteOrdersDS(Int32 principalID, String EventUser) in C:\Users\Clive\Documents\Khodani 12-11-2019\RAM.WMSCustomerPortal\WMSCustomerPortal.Business\OutboundService.cs:line 77
   at WMSCustomerPortal.Web.Controllers.OutboundController.GetCompleteOutboundOrderFilter(JQueryDataTableParamModel param, String formData) in C:\Users\Clive\Documents\Khodani 12-11-2019\RAM.WMSCustomerPortal\WMSCustomerPortal.Web\Controllers\OutboundController.cs:line 282
ClientConnectionId:00000000-0000-0000-0000-000000000000
Error Number:53,State:0,Class:20
2020-05-12 15:14:34,523 [GetCompleteOutboundOrderFilter] [ERROR] WMSCustomerPortal.Web.Controllers.OutboundController - Execution Timeout Expired.  The timeout period elapsed prior to completion of the operation or the server is not responding.
System.Data.SqlClient.SqlException (0x80131904): Execution Timeout Expired.  The timeout period elapsed prior to completion of the operation or the server is not responding. ---> System.ComponentModel.Win32Exception (0x80004005): The wait operation timed out
   at WMSCustomerPortal.Models.Entities.Orders.ReadAllCompleteDS(Int32 principalID, String EventUser) in C:\Users\Clive\Documents\Khodani 12-11-2019\RAM.WMSCustomerPortal\WMSCustomerPortal.Models\Entities\Orders.cs:line 541
   at WMSCustomerPortal.Business.OutboundService.SearchCompleteOrdersDS(Int32 principalID, String EventUser) in C:\Users\Clive\Documents\Khodani 12-11-2019\RAM.WMSCustomerPortal\WMSCustomerPortal.Business\OutboundService.cs:line 77
   at WMSCustomerPortal.Web.Controllers.OutboundController.GetCompleteOutboundOrderFilter(JQueryDataTableParamModel param, String formData) in C:\Users\Clive\Documents\Khodani 12-11-2019\RAM.WMSCustomerPortal\WMSCustomerPortal.Web\Controllers\OutboundController.cs:line 282
ClientConnectionId:8eb53195-7e42-4ac6-b8de-3672f47211ab
Error Number:-2,State:0,Class:11
2020-05-12 16:00:33,763 [OrderCustomerName_Lookup] [ERROR] WMSCustomerPortal.Web.Controllers.OutboundController - Execution Timeout Expired.  The timeout period elapsed prior to completion of the operation or the server is not responding.
System.Data.SqlClient.SqlException (0x80131904): Execution Timeout Expired.  The timeout period elapsed prior to completion of the operation or the server is not responding. ---> System.ComponentModel.Win32Exception (0x80004005): The wait operation timed out
   at WMSCustomerPortal.Models.DataAccess.SQLDataManager.OrderCustomerName_Lookup(String startsWith, Int32 principalId, String eventUser) in C:\Users\Clive\Documents\Khodani 12-11-2019\RAM.WMSCustomerPortal\WMSCustomerPortal.Models\DataAccess\SQLDataManager.cs:line 255
   at WMSCustomerPortal.Web.Controllers.OutboundController.OrderCustomerName_Lookup(String startsWith) in C:\Users\Clive\Documents\Khodani 12-11-2019\RAM.WMSCustomerPortal\WMSCustomerPortal.Web\Controllers\OutboundController.cs:line 170
ClientConnectionId:83bb0454-1da7-410c-9546-bf2763c87a02
Error Number:-2,State:0,Class:11
2020-05-12 16:14:48,891 [OrderCustomerName_Lookup] [ERROR] WMSCustomerPortal.Web.Controllers.OutboundController - Execution Timeout Expired.  The timeout period elapsed prior to completion of the operation or the server is not responding.
System.Data.SqlClient.SqlException (0x80131904): Execution Timeout Expired.  The timeout period elapsed prior to completion of the operation or the server is not responding. ---> System.ComponentModel.Win32Exception (0x80004005): The wait operation timed out
   at WMSCustomerPortal.Models.DataAccess.SQLDataManager.OrderCustomerName_Lookup(String startsWith, Int32 principalId, String eventUser) in C:\Users\Clive\Documents\Khodani 12-11-2019\RAM.WMSCustomerPortal\WMSCustomerPortal.Models\DataAccess\SQLDataManager.cs:line 255
   at WMSCustomerPortal.Web.Controllers.OutboundController.OrderCustomerName_Lookup(String startsWith) in C:\Users\Clive\Documents\Khodani 12-11-2019\RAM.WMSCustomerPortal\WMSCustomerPortal.Web\Controllers\OutboundController.cs:line 170
ClientConnectionId:83bb0454-1da7-410c-9546-bf2763c87a02
Error Number:-2,State:0,Class:11
