2020-05-18 12:06:07,324 [GetCompleteOutboundOrderFilter] [ERROR] WMSCustomerPortal.Web.Controllers.OutboundController - Execution Timeout Expired.  The timeout period elapsed prior to completion of the operation or the server is not responding.
System.Data.SqlClient.SqlException (0x80131904): Execution Timeout Expired.  The timeout period elapsed prior to completion of the operation or the server is not responding. ---> System.ComponentModel.Win32Exception (0x80004005): The wait operation timed out
   at WMSCustomerPortal.Models.Entities.Orders.ReadAllCompleteDS(Int32 principalID, String EventUser) in C:\Users\Clive\Documents\Khodani 12-11-2019\RAM.WMSCustomerPortal\WMSCustomerPortal.Models\Entities\Orders.cs:line 541
   at WMSCustomerPortal.Business.OutboundService.SearchCompleteOrdersDS(Int32 principalID, String EventUser) in C:\Users\Clive\Documents\Khodani 12-11-2019\RAM.WMSCustomerPortal\WMSCustomerPortal.Business\OutboundService.cs:line 77
   at WMSCustomerPortal.Web.Controllers.OutboundController.GetCompleteOutboundOrderFilter(JQueryDataTableParamModel param, String formData) in C:\Users\Clive\Documents\Khodani 12-11-2019\RAM.WMSCustomerPortal\WMSCustomerPortal.Web\Controllers\OutboundController.cs:line 282
ClientConnectionId:5cf16132-82d5-4e1b-859c-a06ef6f60d82
Error Number:-2,State:0,Class:11
2020-05-18 12:06:50,694 [GetCompleteOutboundOrderFilter] [ERROR] WMSCustomerPortal.Web.Controllers.OutboundController - Execution Timeout Expired.  The timeout period elapsed prior to completion of the operation or the server is not responding.
System.Data.SqlClient.SqlException (0x80131904): Execution Timeout Expired.  The timeout period elapsed prior to completion of the operation or the server is not responding. ---> System.ComponentModel.Win32Exception (0x80004005): The wait operation timed out
   at WMSCustomerPortal.Models.Entities.Orders.ReadAllCompleteDS(Int32 principalID, String EventUser) in C:\Users\Clive\Documents\Khodani 12-11-2019\RAM.WMSCustomerPortal\WMSCustomerPortal.Models\Entities\Orders.cs:line 541
   at WMSCustomerPortal.Business.OutboundService.SearchCompleteOrdersDS(Int32 principalID, String EventUser) in C:\Users\Clive\Documents\Khodani 12-11-2019\RAM.WMSCustomerPortal\WMSCustomerPortal.Business\OutboundService.cs:line 77
   at WMSCustomerPortal.Web.Controllers.OutboundController.GetCompleteOutboundOrderFilter(JQueryDataTableParamModel param, String formData) in C:\Users\Clive\Documents\Khodani 12-11-2019\RAM.WMSCustomerPortal\WMSCustomerPortal.Web\Controllers\OutboundController.cs:line 282
ClientConnectionId:5cf16132-82d5-4e1b-859c-a06ef6f60d82
Error Number:-2,State:0,Class:11
2020-05-18 12:17:28,722 [GetCompleteOutboundOrderFilter] [ERROR] WMSCustomerPortal.Web.Controllers.OutboundController - Execution Timeout Expired.  The timeout period elapsed prior to completion of the operation or the server is not responding.
System.Data.SqlClient.SqlException (0x80131904): Execution Timeout Expired.  The timeout period elapsed prior to completion of the operation or the server is not responding. ---> System.ComponentModel.Win32Exception (0x80004005): The wait operation timed out
   at WMSCustomerPortal.Models.Entities.Orders.ReadAllCompleteDS(Int32 principalID, String EventUser) in C:\Users\Clive\Documents\Khodani 12-11-2019\RAM.WMSCustomerPortal\WMSCustomerPortal.Models\Entities\Orders.cs:line 541
   at WMSCustomerPortal.Business.OutboundService.SearchCompleteOrdersDS(Int32 principalID, String EventUser) in C:\Users\Clive\Documents\Khodani 12-11-2019\RAM.WMSCustomerPortal\WMSCustomerPortal.Business\OutboundService.cs:line 77
   at WMSCustomerPortal.Web.Controllers.OutboundController.GetCompleteOutboundOrderFilter(JQueryDataTableParamModel param, String formData) in C:\Users\Clive\Documents\Khodani 12-11-2019\RAM.WMSCustomerPortal\WMSCustomerPortal.Web\Controllers\OutboundController.cs:line 282
ClientConnectionId:0f16ba3a-f346-44fd-89f1-673de440ef18
Error Number:-2,State:0,Class:11
2020-05-18 12:18:39,228 [GetCompleteOutboundOrderFilter] [ERROR] WMSCustomerPortal.Web.Controllers.OutboundController - Execution Timeout Expired.  The timeout period elapsed prior to completion of the operation or the server is not responding.
System.Data.SqlClient.SqlException (0x80131904): Execution Timeout Expired.  The timeout period elapsed prior to completion of the operation or the server is not responding. ---> System.ComponentModel.Win32Exception (0x80004005): The wait operation timed out
   at WMSCustomerPortal.Models.Entities.Orders.ReadAllCompleteDS(Int32 principalID, String EventUser) in C:\Users\Clive\Documents\Khodani 12-11-2019\RAM.WMSCustomerPortal\WMSCustomerPortal.Models\Entities\Orders.cs:line 541
   at WMSCustomerPortal.Business.OutboundService.SearchCompleteOrdersDS(Int32 principalID, String EventUser) in C:\Users\Clive\Documents\Khodani 12-11-2019\RAM.WMSCustomerPortal\WMSCustomerPortal.Business\OutboundService.cs:line 77
   at WMSCustomerPortal.Web.Controllers.OutboundController.GetCompleteOutboundOrderFilter(JQueryDataTableParamModel param, String formData) in C:\Users\Clive\Documents\Khodani 12-11-2019\RAM.WMSCustomerPortal\WMSCustomerPortal.Web\Controllers\OutboundController.cs:line 282
ClientConnectionId:0f16ba3a-f346-44fd-89f1-673de440ef18
Error Number:-2,State:0,Class:11
2020-05-18 12:19:18,186 [GetCompleteOutboundOrderFilter] [ERROR] WMSCustomerPortal.Web.Controllers.OutboundController - Execution Timeout Expired.  The timeout period elapsed prior to completion of the operation or the server is not responding.
System.Data.SqlClient.SqlException (0x80131904): Execution Timeout Expired.  The timeout period elapsed prior to completion of the operation or the server is not responding. ---> System.ComponentModel.Win32Exception (0x80004005): The wait operation timed out
   at WMSCustomerPortal.Models.Entities.Orders.ReadAllCompleteDS(Int32 principalID, String EventUser) in C:\Users\Clive\Documents\Khodani 12-11-2019\RAM.WMSCustomerPortal\WMSCustomerPortal.Models\Entities\Orders.cs:line 541
   at WMSCustomerPortal.Business.OutboundService.SearchCompleteOrdersDS(Int32 principalID, String EventUser) in C:\Users\Clive\Documents\Khodani 12-11-2019\RAM.WMSCustomerPortal\WMSCustomerPortal.Business\OutboundService.cs:line 77
   at WMSCustomerPortal.Web.Controllers.OutboundController.GetCompleteOutboundOrderFilter(JQueryDataTableParamModel param, String formData) in C:\Users\Clive\Documents\Khodani 12-11-2019\RAM.WMSCustomerPortal\WMSCustomerPortal.Web\Controllers\OutboundController.cs:line 282
ClientConnectionId:0f16ba3a-f346-44fd-89f1-673de440ef18
Error Number:-2,State:0,Class:11
2020-05-18 12:22:31,445 [GetCompleteOutboundOrderFilter] [ERROR] WMSCustomerPortal.Web.Controllers.OutboundController - Execution Timeout Expired.  The timeout period elapsed prior to completion of the operation or the server is not responding.
System.Data.SqlClient.SqlException (0x80131904): Execution Timeout Expired.  The timeout period elapsed prior to completion of the operation or the server is not responding. ---> System.ComponentModel.Win32Exception (0x80004005): The wait operation timed out
   at WMSCustomerPortal.Models.Entities.Orders.ReadAllCompleteDS(Int32 principalID, String EventUser) in C:\Users\Clive\Documents\Khodani 12-11-2019\RAM.WMSCustomerPortal\WMSCustomerPortal.Models\Entities\Orders.cs:line 541
   at WMSCustomerPortal.Business.OutboundService.SearchCompleteOrdersDS(Int32 principalID, String EventUser) in C:\Users\Clive\Documents\Khodani 12-11-2019\RAM.WMSCustomerPortal\WMSCustomerPortal.Business\OutboundService.cs:line 77
   at WMSCustomerPortal.Web.Controllers.OutboundController.GetCompleteOutboundOrderFilter(JQueryDataTableParamModel param, String formData) in C:\Users\Clive\Documents\Khodani 12-11-2019\RAM.WMSCustomerPortal\WMSCustomerPortal.Web\Controllers\OutboundController.cs:line 282
ClientConnectionId:0f16ba3a-f346-44fd-89f1-673de440ef18
Error Number:-2,State:0,Class:11
