2019-04-02 13:09:03,948 [GetOutboundOrderFilter] [ERROR] WMSCustomerPortal.Web.Controllers.OutboundController - A network-related or instance-specific error occurred while establishing a connection to SQL Server. The server was not found or was not accessible. Verify that the instance name is correct and that SQL Server is configured to allow remote connections. (provider: Named Pipes Provider, error: 40 - Could not open a connection to SQL Server)
System.Data.SqlClient.SqlException (0x80131904): A network-related or instance-specific error occurred while establishing a connection to SQL Server. The server was not found or was not accessible. Verify that the instance name is correct and that SQL Server is configured to allow remote connections. (provider: Named Pipes Provider, error: 40 - Could not open a connection to SQL Server) ---> System.ComponentModel.Win32Exception (0x80004005): The network path was not found
   at WMSCustomerPortal.Models.Entities.Orders.ReadAllDS(Int32 principalID, String EventUser) in C:\Users\Joseph Radebe\source\Workspaces\Apex\RAM.WMSCustomerPortal\WMSCustomerPortal.Models\Entities\Orders.cs:line 475
   at WMSCustomerPortal.Business.OutboundService.SearchOrdersDS(Int32 principalID, String EventUser) in C:\Users\Joseph Radebe\source\Workspaces\Apex\RAM.WMSCustomerPortal\WMSCustomerPortal.Business\OutboundService.cs:line 68
   at WMSCustomerPortal.Web.Controllers.OutboundController.GetOutboundOrderFilter(JQueryDataTableParamModel param, String formData) in C:\Users\Joseph Radebe\source\Workspaces\Apex\RAM.WMSCustomerPortal\WMSCustomerPortal.Web\Controllers\OutboundController.cs:line 248
ClientConnectionId:00000000-0000-0000-0000-000000000000
Error Number:53,State:0,Class:20
2019-04-02 13:09:22,356 [GetCompleteOutboundOrderFilter] [ERROR] WMSCustomerPortal.Web.Controllers.OutboundController - A network-related or instance-specific error occurred while establishing a connection to SQL Server. The server was not found or was not accessible. Verify that the instance name is correct and that SQL Server is configured to allow remote connections. (provider: Named Pipes Provider, error: 40 - Could not open a connection to SQL Server)
System.Data.SqlClient.SqlException (0x80131904): A network-related or instance-specific error occurred while establishing a connection to SQL Server. The server was not found or was not accessible. Verify that the instance name is correct and that SQL Server is configured to allow remote connections. (provider: Named Pipes Provider, error: 40 - Could not open a connection to SQL Server) ---> System.ComponentModel.Win32Exception (0x80004005): The network path was not found
   at WMSCustomerPortal.Models.Entities.Orders.ReadAllCompleteDS(Int32 principalID, String EventUser) in C:\Users\Joseph Radebe\source\Workspaces\Apex\RAM.WMSCustomerPortal\WMSCustomerPortal.Models\Entities\Orders.cs:line 494
   at WMSCustomerPortal.Business.OutboundService.SearchCompleteOrdersDS(Int32 principalID, String EventUser) in C:\Users\Joseph Radebe\source\Workspaces\Apex\RAM.WMSCustomerPortal\WMSCustomerPortal.Business\OutboundService.cs:line 77
   at WMSCustomerPortal.Web.Controllers.OutboundController.GetCompleteOutboundOrderFilter(JQueryDataTableParamModel param, String formData) in C:\Users\Joseph Radebe\source\Workspaces\Apex\RAM.WMSCustomerPortal\WMSCustomerPortal.Web\Controllers\OutboundController.cs:line 282
ClientConnectionId:00000000-0000-0000-0000-000000000000
Error Number:53,State:0,Class:20
2019-04-02 13:09:24,647 [GetCompleteOutboundOrderFilter] [ERROR] WMSCustomerPortal.Web.Controllers.OutboundController - A network-related or instance-specific error occurred while establishing a connection to SQL Server. The server was not found or was not accessible. Verify that the instance name is correct and that SQL Server is configured to allow remote connections. (provider: Named Pipes Provider, error: 40 - Could not open a connection to SQL Server)
System.Data.SqlClient.SqlException (0x80131904): A network-related or instance-specific error occurred while establishing a connection to SQL Server. The server was not found or was not accessible. Verify that the instance name is correct and that SQL Server is configured to allow remote connections. (provider: Named Pipes Provider, error: 40 - Could not open a connection to SQL Server) ---> System.ComponentModel.Win32Exception (0x80004005): The network path was not found
   at WMSCustomerPortal.Models.Entities.Orders.ReadAllCompleteDS(Int32 principalID, String EventUser) in C:\Users\Joseph Radebe\source\Workspaces\Apex\RAM.WMSCustomerPortal\WMSCustomerPortal.Models\Entities\Orders.cs:line 494
   at WMSCustomerPortal.Business.OutboundService.SearchCompleteOrdersDS(Int32 principalID, String EventUser) in C:\Users\Joseph Radebe\source\Workspaces\Apex\RAM.WMSCustomerPortal\WMSCustomerPortal.Business\OutboundService.cs:line 77
   at WMSCustomerPortal.Web.Controllers.OutboundController.GetCompleteOutboundOrderFilter(JQueryDataTableParamModel param, String formData) in C:\Users\Joseph Radebe\source\Workspaces\Apex\RAM.WMSCustomerPortal\WMSCustomerPortal.Web\Controllers\OutboundController.cs:line 282
ClientConnectionId:00000000-0000-0000-0000-000000000000
Error Number:53,State:0,Class:20
2019-04-02 13:09:25,604 [GetOutboundOrderFilter] [ERROR] WMSCustomerPortal.Web.Controllers.OutboundController - A network-related or instance-specific error occurred while establishing a connection to SQL Server. The server was not found or was not accessible. Verify that the instance name is correct and that SQL Server is configured to allow remote connections. (provider: Named Pipes Provider, error: 40 - Could not open a connection to SQL Server)
System.Data.SqlClient.SqlException (0x80131904): A network-related or instance-specific error occurred while establishing a connection to SQL Server. The server was not found or was not accessible. Verify that the instance name is correct and that SQL Server is configured to allow remote connections. (provider: Named Pipes Provider, error: 40 - Could not open a connection to SQL Server) ---> System.ComponentModel.Win32Exception (0x80004005): The network path was not found
   at WMSCustomerPortal.Models.Entities.Orders.ReadAllDS(Int32 principalID, String EventUser) in C:\Users\Joseph Radebe\source\Workspaces\Apex\RAM.WMSCustomerPortal\WMSCustomerPortal.Models\Entities\Orders.cs:line 475
   at WMSCustomerPortal.Business.OutboundService.SearchOrdersDS(Int32 principalID, String EventUser) in C:\Users\Joseph Radebe\source\Workspaces\Apex\RAM.WMSCustomerPortal\WMSCustomerPortal.Business\OutboundService.cs:line 68
   at WMSCustomerPortal.Web.Controllers.OutboundController.GetOutboundOrderFilter(JQueryDataTableParamModel param, String formData) in C:\Users\Joseph Radebe\source\Workspaces\Apex\RAM.WMSCustomerPortal\WMSCustomerPortal.Web\Controllers\OutboundController.cs:line 248
ClientConnectionId:00000000-0000-0000-0000-000000000000
Error Number:53,State:0,Class:20
