2020-09-12 02:17:26,401 [GetDispatchedDataFilter] [ERROR] WMSCustomerPortal.Web.Controllers.ReportsController - Execution Timeout Expired.  The timeout period elapsed prior to completion of the operation or the server is not responding.
System.Data.SqlClient.SqlException (0x80131904): Execution Timeout Expired.  The timeout period elapsed prior to completion of the operation or the server is not responding. ---> System.ComponentModel.Win32Exception (0x80004005): The wait operation timed out
   at WMSCustomerPortal.Models.Entities.Orders.GetOutbound(Int32 principalID, DateTime DateFrom, DateTime DateTo, String UserName) in C:\Users\27815\Documents\RamCustomerPortal2\RAM.WMSCustomerPortal\WMSCustomerPortal.Models\Entities\Orders.cs:line 616
   at WMSCustomerPortal.Web.Controllers.ReportsController.GetOutbound(JQueryDataTableParamModel param, String formData) in C:\Users\27815\Documents\RamCustomerPortal2\RAM.WMSCustomerPortal\WMSCustomerPortal.Web\Controllers\ReportsController.cs:line 559
ClientConnectionId:91d52887-f348-412b-8cf4-97513c11455e
Error Number:-2,State:0,Class:11
2020-09-12 02:18:23,249 [GetDispatchedDataFilter] [ERROR] WMSCustomerPortal.Web.Controllers.ReportsController - Execution Timeout Expired.  The timeout period elapsed prior to completion of the operation or the server is not responding.
System.Data.SqlClient.SqlException (0x80131904): Execution Timeout Expired.  The timeout period elapsed prior to completion of the operation or the server is not responding. ---> System.ComponentModel.Win32Exception (0x80004005): The wait operation timed out
   at WMSCustomerPortal.Models.Entities.Orders.GetOutbound(Int32 principalID, DateTime DateFrom, DateTime DateTo, String UserName) in C:\Users\27815\Documents\RamCustomerPortal2\RAM.WMSCustomerPortal\WMSCustomerPortal.Models\Entities\Orders.cs:line 616
   at WMSCustomerPortal.Web.Controllers.ReportsController.GetOutbound(JQueryDataTableParamModel param, String formData) in C:\Users\27815\Documents\RamCustomerPortal2\RAM.WMSCustomerPortal\WMSCustomerPortal.Web\Controllers\ReportsController.cs:line 559
ClientConnectionId:91d52887-f348-412b-8cf4-97513c11455e
Error Number:-2,State:0,Class:11
2020-09-12 02:39:34,583 [GetDispatchedDataFilter] [ERROR] WMSCustomerPortal.Web.Controllers.ReportsController - SqlDateTime overflow. Must be between 1/1/1753 12:00:00 AM and 12/31/9999 11:59:59 PM.
System.Data.SqlTypes.SqlTypeException: SqlDateTime overflow. Must be between 1/1/1753 12:00:00 AM and 12/31/9999 11:59:59 PM.
   at WMSCustomerPortal.Models.Entities.Orders.GetOutbound(Int32 principalID, DateTime DateFrom, DateTime DateTo, String UserName) in C:\Users\27815\Documents\RamCustomerPortal2\RAM.WMSCustomerPortal\WMSCustomerPortal.Models\Entities\Orders.cs:line 616
   at WMSCustomerPortal.Web.Controllers.ReportsController.GetOutbound(JQueryDataTableParamModel param, String formData) in C:\Users\27815\Documents\RamCustomerPortal2\RAM.WMSCustomerPortal\WMSCustomerPortal.Web\Controllers\ReportsController.cs:line 559
2020-09-12 02:40:53,017 [GetDispatchedDataFilter] [ERROR] WMSCustomerPortal.Web.Controllers.ReportsController - Execution Timeout Expired.  The timeout period elapsed prior to completion of the operation or the server is not responding.
System.Data.SqlClient.SqlException (0x80131904): Execution Timeout Expired.  The timeout period elapsed prior to completion of the operation or the server is not responding. ---> System.ComponentModel.Win32Exception (0x80004005): The wait operation timed out
   at WMSCustomerPortal.Models.Entities.Orders.GetOutbound(Int32 principalID, DateTime DateFrom, DateTime DateTo, String UserName) in C:\Users\27815\Documents\RamCustomerPortal2\RAM.WMSCustomerPortal\WMSCustomerPortal.Models\Entities\Orders.cs:line 616
   at WMSCustomerPortal.Web.Controllers.ReportsController.GetOutbound(JQueryDataTableParamModel param, String formData) in C:\Users\27815\Documents\RamCustomerPortal2\RAM.WMSCustomerPortal\WMSCustomerPortal.Web\Controllers\ReportsController.cs:line 559
ClientConnectionId:480fb7c7-5c28-4513-9b9d-37b858b96b4a
Error Number:-2,State:0,Class:11
2020-09-12 12:32:34,338 [GetDispatchedDataFilter] [ERROR] WMSCustomerPortal.Web.Controllers.ReportsController - Execution Timeout Expired.  The timeout period elapsed prior to completion of the operation or the server is not responding.
System.Data.SqlClient.SqlException (0x80131904): Execution Timeout Expired.  The timeout period elapsed prior to completion of the operation or the server is not responding. ---> System.ComponentModel.Win32Exception (0x80004005): The wait operation timed out
   at WMSCustomerPortal.Models.Entities.Orders.GetOutbound(Int32 principalID, DateTime DateFrom, DateTime DateTo, String UserName) in C:\Users\27815\Documents\RamCustomerPortal2\RAM.WMSCustomerPortal\WMSCustomerPortal.Models\Entities\Orders.cs:line 616
   at WMSCustomerPortal.Web.Controllers.ReportsController.GetOutbound(JQueryDataTableParamModel param, String formData) in C:\Users\27815\Documents\RamCustomerPortal2\RAM.WMSCustomerPortal\WMSCustomerPortal.Web\Controllers\ReportsController.cs:line 559
ClientConnectionId:ed74d9aa-a59d-4a43-af2f-78da88d52666
Error Number:-2,State:0,Class:11
2020-09-12 16:07:24,600 [OutboundMain] [ERROR] OutboundController - The "RenderBody" method has not been called for layout page "~/Views/Shared/_LayoutAdmin.cshtml".
System.Web.HttpException (0x80004005): The "RenderBody" method has not been called for layout page "~/Views/Shared/_LayoutAdmin.cshtml".
   at System.Web.WebPages.WebPageBase.VerifyRenderedBodyOrSections()
   at System.Web.WebPages.WebPageBase.PopContext()
   at System.Web.WebPages.WebPageBase.ExecutePageHierarchy(WebPageContext pageContext, TextWriter writer, WebPageRenderingBase startPage)
   at System.Web.WebPages.WebPageBase.<>c__DisplayClass3.<RenderPageCore>b__2(TextWriter writer)
   at System.Web.WebPages.HelperResult.WriteTo(TextWriter writer)
   at System.Web.WebPages.WebPageBase.Write(HelperResult result)
   at System.Web.WebPages.WebPageBase.RenderSurrounding(String partialViewName, Action`1 body)
   at System.Web.WebPages.WebPageBase.PopContext()
   at System.Web.WebPages.WebPageBase.ExecutePageHierarchy(WebPageContext pageContext, TextWriter writer, WebPageRenderingBase startPage)
   at System.Web.Mvc.RazorView.RenderView(ViewContext viewContext, TextWriter writer, Object instance)
   at System.Web.Mvc.BuildManagerCompiledView.Render(ViewContext viewContext, TextWriter writer)
   at System.Web.Mvc.ViewResultBase.ExecuteResult(ControllerContext context)
   at System.Web.Mvc.ControllerActionInvoker.InvokeActionResult(ControllerContext controllerContext, ActionResult actionResult)
   at System.Web.Mvc.ControllerActionInvoker.InvokeActionResultFilterRecursive(IList`1 filters, Int32 filterIndex, ResultExecutingContext preContext, ControllerContext controllerContext, ActionResult actionResult)
   at System.Web.Mvc.ControllerActionInvoker.InvokeActionResultFilterRecursive(IList`1 filters, Int32 filterIndex, ResultExecutingContext preContext, ControllerContext controllerContext, ActionResult actionResult)
   at System.Web.Mvc.ControllerActionInvoker.InvokeActionResultWithFilters(ControllerContext controllerContext, IList`1 filters, ActionResult actionResult)
   at System.Web.Mvc.Async.AsyncControllerActionInvoker.<>c__DisplayClass21.<>c__DisplayClass2b.<BeginInvokeAction>b__1c()
   at System.Web.Mvc.Async.AsyncControllerActionInvoker.<>c__DisplayClass21.<BeginInvokeAction>b__1e(IAsyncResult asyncResult)
2020-09-12 19:37:12,744 [InboundAddNew] [ERROR] InboundController - The "RenderBody" method has not been called for layout page "~/Views/Shared/_LayoutAdmin.cshtml".
System.Web.HttpException (0x80004005): The "RenderBody" method has not been called for layout page "~/Views/Shared/_LayoutAdmin.cshtml".
   at System.Web.WebPages.WebPageBase.VerifyRenderedBodyOrSections()
   at System.Web.WebPages.WebPageBase.PopContext()
   at System.Web.WebPages.WebPageBase.ExecutePageHierarchy(WebPageContext pageContext, TextWriter writer, WebPageRenderingBase startPage)
   at System.Web.WebPages.WebPageBase.<>c__DisplayClass3.<RenderPageCore>b__2(TextWriter writer)
   at System.Web.WebPages.HelperResult.WriteTo(TextWriter writer)
   at System.Web.WebPages.WebPageBase.Write(HelperResult result)
   at System.Web.WebPages.WebPageBase.RenderSurrounding(String partialViewName, Action`1 body)
   at System.Web.WebPages.WebPageBase.PopContext()
   at System.Web.WebPages.WebPageBase.ExecutePageHierarchy(WebPageContext pageContext, TextWriter writer, WebPageRenderingBase startPage)
   at System.Web.Mvc.RazorView.RenderView(ViewContext viewContext, TextWriter writer, Object instance)
   at System.Web.Mvc.BuildManagerCompiledView.Render(ViewContext viewContext, TextWriter writer)
   at System.Web.Mvc.ViewResultBase.ExecuteResult(ControllerContext context)
   at System.Web.Mvc.ControllerActionInvoker.InvokeActionResult(ControllerContext controllerContext, ActionResult actionResult)
   at System.Web.Mvc.ControllerActionInvoker.InvokeActionResultFilterRecursive(IList`1 filters, Int32 filterIndex, ResultExecutingContext preContext, ControllerContext controllerContext, ActionResult actionResult)
   at System.Web.Mvc.ControllerActionInvoker.InvokeActionResultFilterRecursive(IList`1 filters, Int32 filterIndex, ResultExecutingContext preContext, ControllerContext controllerContext, ActionResult actionResult)
   at System.Web.Mvc.ControllerActionInvoker.InvokeActionResultWithFilters(ControllerContext controllerContext, IList`1 filters, ActionResult actionResult)
   at System.Web.Mvc.Async.AsyncControllerActionInvoker.<>c__DisplayClass21.<>c__DisplayClass2b.<BeginInvokeAction>b__1c()
   at System.Web.Mvc.Async.AsyncControllerActionInvoker.<>c__DisplayClass21.<BeginInvokeAction>b__1e(IAsyncResult asyncResult)
2020-09-12 19:38:25,997 [GetDispatchedDataFilter] [ERROR] WMSCustomerPortal.Web.Controllers.ReportsController - Execution Timeout Expired.  The timeout period elapsed prior to completion of the operation or the server is not responding.
System.Data.SqlClient.SqlException (0x80131904): Execution Timeout Expired.  The timeout period elapsed prior to completion of the operation or the server is not responding. ---> System.ComponentModel.Win32Exception (0x80004005): The wait operation timed out
   at WMSCustomerPortal.Models.Entities.Orders.GetOutbound(Int32 principalID, DateTime DateFrom, DateTime DateTo, String UserName) in C:\Users\27815\Documents\RamCustomerPortal2\RAM.WMSCustomerPortal\WMSCustomerPortal.Models\Entities\Orders.cs:line 616
   at WMSCustomerPortal.Web.Controllers.ReportsController.GetOutbound(JQueryDataTableParamModel param, String formData) in C:\Users\27815\Documents\RamCustomerPortal2\RAM.WMSCustomerPortal\WMSCustomerPortal.Web\Controllers\ReportsController.cs:line 563
ClientConnectionId:497d8668-a182-4d84-b76a-9a54306d49d2
Error Number:-2,State:0,Class:11
2020-09-12 19:39:16,638 [GetDispatchedDataFilter] [ERROR] WMSCustomerPortal.Web.Controllers.ReportsController - Execution Timeout Expired.  The timeout period elapsed prior to completion of the operation or the server is not responding.
System.Data.SqlClient.SqlException (0x80131904): Execution Timeout Expired.  The timeout period elapsed prior to completion of the operation or the server is not responding. ---> System.ComponentModel.Win32Exception (0x80004005): The wait operation timed out
   at WMSCustomerPortal.Models.Entities.Orders.GetOutbound(Int32 principalID, DateTime DateFrom, DateTime DateTo, String UserName) in C:\Users\27815\Documents\RamCustomerPortal2\RAM.WMSCustomerPortal\WMSCustomerPortal.Models\Entities\Orders.cs:line 616
   at WMSCustomerPortal.Web.Controllers.ReportsController.GetOutbound(JQueryDataTableParamModel param, String formData) in C:\Users\27815\Documents\RamCustomerPortal2\RAM.WMSCustomerPortal\WMSCustomerPortal.Web\Controllers\ReportsController.cs:line 563
ClientConnectionId:497d8668-a182-4d84-b76a-9a54306d49d2
Error Number:-2,State:0,Class:11
2020-09-12 20:02:48,253 [GetDispatchedDataFilter] [ERROR] WMSCustomerPortal.Web.Controllers.ReportsController - Execution Timeout Expired.  The timeout period elapsed prior to completion of the operation or the server is not responding.
System.Data.SqlClient.SqlException (0x80131904): Execution Timeout Expired.  The timeout period elapsed prior to completion of the operation or the server is not responding. ---> System.ComponentModel.Win32Exception (0x80004005): The wait operation timed out
   at WMSCustomerPortal.Models.Entities.Orders.GetOutbound(Int32 principalID, DateTime DateFrom, DateTime DateTo, String UserName) in C:\Users\27815\Documents\RamCustomerPortal2\RAM.WMSCustomerPortal\WMSCustomerPortal.Models\Entities\Orders.cs:line 616
   at WMSCustomerPortal.Web.Controllers.ReportsController.GetOutbound(JQueryDataTableParamModel param, String formData) in C:\Users\27815\Documents\RamCustomerPortal2\RAM.WMSCustomerPortal\WMSCustomerPortal.Web\Controllers\ReportsController.cs:line 563
ClientConnectionId:a920fe8e-ee0f-448c-b44e-d331bfee715d
Error Number:-2,State:0,Class:11
2020-09-12 20:06:48,727 [GetDispatchedDataFilter] [ERROR] WMSCustomerPortal.Web.Controllers.ReportsController - Execution Timeout Expired.  The timeout period elapsed prior to completion of the operation or the server is not responding.
System.Data.SqlClient.SqlException (0x80131904): Execution Timeout Expired.  The timeout period elapsed prior to completion of the operation or the server is not responding. ---> System.ComponentModel.Win32Exception (0x80004005): The wait operation timed out
   at WMSCustomerPortal.Models.Entities.Orders.GetOutbound(Int32 principalID, DateTime DateFrom, DateTime DateTo, String UserName) in C:\Users\27815\Documents\RamCustomerPortal2\RAM.WMSCustomerPortal\WMSCustomerPortal.Models\Entities\Orders.cs:line 616
   at WMSCustomerPortal.Web.Controllers.ReportsController.GetOutbound(JQueryDataTableParamModel param, String formData) in C:\Users\27815\Documents\RamCustomerPortal2\RAM.WMSCustomerPortal\WMSCustomerPortal.Web\Controllers\ReportsController.cs:line 563
ClientConnectionId:a920fe8e-ee0f-448c-b44e-d331bfee715d
Error Number:-2,State:0,Class:11
2020-09-12 20:29:50,478 [GetDispatchedDataFilter] [ERROR] WMSCustomerPortal.Web.Controllers.ReportsController - Named Pipes Provider: Could not open a connection to SQL Server [2]. 
System.Data.SqlClient.SqlException (0x80131904): Named Pipes Provider: Could not open a connection to SQL Server [2]. 
   at WMSCustomerPortal.Models.Entities.Orders.GetOutbound(Int32 principalID, DateTime DateFrom, DateTime DateTo, String UserName) in C:\Users\27815\Documents\RamCustomerPortal2\RAM.WMSCustomerPortal\WMSCustomerPortal.Models\Entities\Orders.cs:line 616
   at WMSCustomerPortal.Web.Controllers.ReportsController.GetOutbound(JQueryDataTableParamModel param, String formData) in C:\Users\27815\Documents\RamCustomerPortal2\RAM.WMSCustomerPortal\WMSCustomerPortal.Web\Controllers\ReportsController.cs:line 560
ClientConnectionId:4db58d72-ab99-42c6-b04c-0349fad69086
Error Number:2,State:1,Class:16
2020-09-12 20:32:20,916 [GetDispatchedDataFilter] [ERROR] WMSCustomerPortal.Web.Controllers.ReportsController - Named Pipes Provider: Could not open a connection to SQL Server [53]. 
System.Data.SqlClient.SqlException (0x80131904): Named Pipes Provider: Could not open a connection to SQL Server [53]. 
   at WMSCustomerPortal.Models.Entities.Orders.GetOutbound(Int32 principalID, DateTime DateFrom, DateTime DateTo, String UserName) in C:\Users\27815\Documents\RamCustomerPortal2\RAM.WMSCustomerPortal\WMSCustomerPortal.Models\Entities\Orders.cs:line 616
   at WMSCustomerPortal.Web.Controllers.ReportsController.GetOutbound(JQueryDataTableParamModel param, String formData) in C:\Users\27815\Documents\RamCustomerPortal2\RAM.WMSCustomerPortal\WMSCustomerPortal.Web\Controllers\ReportsController.cs:line 560
ClientConnectionId:4db58d72-ab99-42c6-b04c-0349fad69086
Error Number:53,State:1,Class:16
2020-09-12 21:54:24,541 [GetDispatchedDataFilter] [ERROR] WMSCustomerPortal.Web.Controllers.ReportsController - A network-related or instance-specific error occurred while establishing a connection to SQL Server. The server was not found or was not accessible. Verify that the instance name is correct and that SQL Server is configured to allow remote connections. (provider: Named Pipes Provider, error: 40 - Could not open a connection to SQL Server)
System.Data.SqlClient.SqlException (0x80131904): A network-related or instance-specific error occurred while establishing a connection to SQL Server. The server was not found or was not accessible. Verify that the instance name is correct and that SQL Server is configured to allow remote connections. (provider: Named Pipes Provider, error: 40 - Could not open a connection to SQL Server) ---> System.ComponentModel.Win32Exception (0x80004005): The network path was not found
   at WMSCustomerPortal.Models.Entities.Orders.GetOutbound(Int32 principalID, DateTime DateFrom, DateTime DateTo, String UserName) in C:\Users\27815\Documents\RamCustomerPortal2\RAM.WMSCustomerPortal\WMSCustomerPortal.Models\Entities\Orders.cs:line 616
   at WMSCustomerPortal.Web.Controllers.ReportsController.GetOutbound(JQueryDataTableParamModel param, String formData) in C:\Users\27815\Documents\RamCustomerPortal2\RAM.WMSCustomerPortal\WMSCustomerPortal.Web\Controllers\ReportsController.cs:line 574
ClientConnectionId:00000000-0000-0000-0000-000000000000
Error Number:53,State:0,Class:20
2020-09-12 22:04:12,732 [GetOutboundOrderFilter] [ERROR] WMSCustomerPortal.Web.Controllers.OutboundController - A network-related or instance-specific error occurred while establishing a connection to SQL Server. The server was not found or was not accessible. Verify that the instance name is correct and that SQL Server is configured to allow remote connections. (provider: Named Pipes Provider, error: 40 - Could not open a connection to SQL Server)
System.Data.SqlClient.SqlException (0x80131904): A network-related or instance-specific error occurred while establishing a connection to SQL Server. The server was not found or was not accessible. Verify that the instance name is correct and that SQL Server is configured to allow remote connections. (provider: Named Pipes Provider, error: 40 - Could not open a connection to SQL Server) ---> System.ComponentModel.Win32Exception (0x80004005): The network path was not found
   at WMSCustomerPortal.Models.Entities.Orders.ReadAllDS(Int32 principalID, String EventUser) in C:\Users\27815\Documents\RamCustomerPortal2\RAM.WMSCustomerPortal\WMSCustomerPortal.Models\Entities\Orders.cs:line 519
   at WMSCustomerPortal.Business.OutboundService.SearchOrdersDS(Int32 principalID, String EventUser) in C:\Users\27815\Documents\RamCustomerPortal2\RAM.WMSCustomerPortal\WMSCustomerPortal.Business\OutboundService.cs:line 68
   at WMSCustomerPortal.Web.Controllers.OutboundController.GetOutboundOrderFilter(JQueryDataTableParamModel param, String formData) in C:\Users\27815\Documents\RamCustomerPortal2\RAM.WMSCustomerPortal\WMSCustomerPortal.Web\Controllers\OutboundController.cs:line 266
ClientConnectionId:00000000-0000-0000-0000-000000000000
Error Number:53,State:0,Class:20
2020-09-12 22:04:13,261 [GetCompleteOutboundOrderFilter] [ERROR] WMSCustomerPortal.Web.Controllers.OutboundController - A network-related or instance-specific error occurred while establishing a connection to SQL Server. The server was not found or was not accessible. Verify that the instance name is correct and that SQL Server is configured to allow remote connections. (provider: Named Pipes Provider, error: 40 - Could not open a connection to SQL Server)
System.Data.SqlClient.SqlException (0x80131904): A network-related or instance-specific error occurred while establishing a connection to SQL Server. The server was not found or was not accessible. Verify that the instance name is correct and that SQL Server is configured to allow remote connections. (provider: Named Pipes Provider, error: 40 - Could not open a connection to SQL Server) ---> System.ComponentModel.Win32Exception (0x80004005): The network path was not found
   at WMSCustomerPortal.Models.Entities.Orders.ReadAllCompleteDS(Int32 principalID, String EventUser) in C:\Users\27815\Documents\RamCustomerPortal2\RAM.WMSCustomerPortal\WMSCustomerPortal.Models\Entities\Orders.cs:line 538
   at WMSCustomerPortal.Business.OutboundService.SearchCompleteOrdersDS(Int32 principalID, String EventUser) in C:\Users\27815\Documents\RamCustomerPortal2\RAM.WMSCustomerPortal\WMSCustomerPortal.Business\OutboundService.cs:line 77
   at WMSCustomerPortal.Web.Controllers.OutboundController.GetCompleteOutboundOrderFilter(JQueryDataTableParamModel param, String formData) in C:\Users\27815\Documents\RamCustomerPortal2\RAM.WMSCustomerPortal\WMSCustomerPortal.Web\Controllers\OutboundController.cs:line 300
ClientConnectionId:00000000-0000-0000-0000-000000000000
Error Number:53,State:0,Class:20
2020-09-12 22:39:10,325 [GetDispatchedDataFilter] [ERROR] WMSCustomerPortal.Web.Controllers.ReportsController - Execution Timeout Expired.  The timeout period elapsed prior to completion of the operation or the server is not responding.
System.Data.SqlClient.SqlException (0x80131904): Execution Timeout Expired.  The timeout period elapsed prior to completion of the operation or the server is not responding. ---> System.ComponentModel.Win32Exception (0x80004005): The wait operation timed out
   at WMSCustomerPortal.Models.Entities.Orders.GetOutbound(Int32 principalID, DateTime DateFrom, DateTime DateTo, String UserName) in C:\Users\27815\Documents\RamCustomerPortal2\RAM.WMSCustomerPortal\WMSCustomerPortal.Models\Entities\Orders.cs:line 616
   at WMSCustomerPortal.Web.Controllers.ReportsController.GetOutbound(JQueryDataTableParamModel param, String formData) in C:\Users\27815\Documents\RamCustomerPortal2\RAM.WMSCustomerPortal\WMSCustomerPortal.Web\Controllers\ReportsController.cs:line 573
ClientConnectionId:52244963-d52c-4e5a-bb5e-a23005065383
Error Number:-2,State:0,Class:11
2020-09-12 22:47:40,665 [GetDispatchedDataFilter] [ERROR] WMSCustomerPortal.Web.Controllers.ReportsController - Execution Timeout Expired.  The timeout period elapsed prior to completion of the operation or the server is not responding.
System.Data.SqlClient.SqlException (0x80131904): Execution Timeout Expired.  The timeout period elapsed prior to completion of the operation or the server is not responding. ---> System.ComponentModel.Win32Exception (0x80004005): The wait operation timed out
   at WMSCustomerPortal.Models.Entities.InboundMaster.GetInbound(Int32 principalID, DateTime DateFrom, DateTime DateTo, String UserName) in C:\Users\27815\Documents\RamCustomerPortal2\RAM.WMSCustomerPortal\WMSCustomerPortal.Models\Entities\InboundMaster.cs:line 627
   at WMSCustomerPortal.Web.Controllers.ReportsController.GetInbound(JQueryDataTableParamModel param, String formData) in C:\Users\27815\Documents\RamCustomerPortal2\RAM.WMSCustomerPortal\WMSCustomerPortal.Web\Controllers\ReportsController.cs:line 514
ClientConnectionId:b7c1778f-7805-4d75-8a8a-32d5f793acd0
Error Number:-2,State:0,Class:11
