2020-09-13 00:13:13,313 [GetDispatchedDataFilter] [ERROR] WMSCustomerPortal.Web.Controllers.ReportsController - Execution Timeout Expired.  The timeout period elapsed prior to completion of the operation or the server is not responding.
System.Data.SqlClient.SqlException (0x80131904): Execution Timeout Expired.  The timeout period elapsed prior to completion of the operation or the server is not responding. ---> System.ComponentModel.Win32Exception (0x80004005): The wait operation timed out
   at WMSCustomerPortal.Models.Entities.Orders.GetOutbound(Int32 principalID, DateTime DateFrom, DateTime DateTo, String UserName) in C:\Users\27815\Documents\RamCustomerPortal2\RAM.WMSCustomerPortal\WMSCustomerPortal.Models\Entities\Orders.cs:line 616
   at WMSCustomerPortal.Web.Controllers.ReportsController.GetOutbound(JQueryDataTableParamModel param, String formData) in C:\Users\27815\Documents\RamCustomerPortal2\RAM.WMSCustomerPortal\WMSCustomerPortal.Web\Controllers\ReportsController.cs:line 582
ClientConnectionId:8de4f172-f408-44ce-a116-dd14782769a5
Error Number:-2,State:0,Class:11
2020-09-13 00:14:03,669 [GetDispatchedDataFilter] [ERROR] WMSCustomerPortal.Web.Controllers.ReportsController - Execution Timeout Expired.  The timeout period elapsed prior to completion of the operation or the server is not responding.
System.Data.SqlClient.SqlException (0x80131904): Execution Timeout Expired.  The timeout period elapsed prior to completion of the operation or the server is not responding. ---> System.ComponentModel.Win32Exception (0x80004005): The wait operation timed out
   at WMSCustomerPortal.Models.Entities.Orders.GetOutbound(Int32 principalID, DateTime DateFrom, DateTime DateTo, String UserName) in C:\Users\27815\Documents\RamCustomerPortal2\RAM.WMSCustomerPortal\WMSCustomerPortal.Models\Entities\Orders.cs:line 616
   at WMSCustomerPortal.Web.Controllers.ReportsController.GetOutbound(JQueryDataTableParamModel param, String formData) in C:\Users\27815\Documents\RamCustomerPortal2\RAM.WMSCustomerPortal\WMSCustomerPortal.Web\Controllers\ReportsController.cs:line 582
ClientConnectionId:8de4f172-f408-44ce-a116-dd14782769a5
Error Number:-2,State:0,Class:11
2020-09-13 10:15:51,164 [GetDispatchedDataFilter] [ERROR] WMSCustomerPortal.Web.Controllers.ReportsController - Execution Timeout Expired.  The timeout period elapsed prior to completion of the operation or the server is not responding.
System.Data.SqlClient.SqlException (0x80131904): Execution Timeout Expired.  The timeout period elapsed prior to completion of the operation or the server is not responding. ---> System.ComponentModel.Win32Exception (0x80004005): The wait operation timed out
   at WMSCustomerPortal.Models.Entities.Orders.GetOutbound(Int32 principalID, DateTime DateFrom, DateTime DateTo, String UserName) in C:\Users\27815\Documents\RamCustomerPortal2\RAM.WMSCustomerPortal\WMSCustomerPortal.Models\Entities\Orders.cs:line 616
   at WMSCustomerPortal.Web.Controllers.ReportsController.GetOutbound(JQueryDataTableParamModel param, String formData) in C:\Users\27815\Documents\RamCustomerPortal2\RAM.WMSCustomerPortal\WMSCustomerPortal.Web\Controllers\ReportsController.cs:line 582
ClientConnectionId:e05219ca-aed1-4109-a9e1-638f0818c506
Error Number:-2,State:0,Class:11
2020-09-13 22:00:08,317 [GetDispatchedDataFilter] [ERROR] WMSCustomerPortal.Web.Controllers.ReportsController - SqlDateTime overflow. Must be between 1/1/1753 12:00:00 AM and 12/31/9999 11:59:59 PM.
System.Data.SqlTypes.SqlTypeException: SqlDateTime overflow. Must be between 1/1/1753 12:00:00 AM and 12/31/9999 11:59:59 PM.
   at WMSCustomerPortal.Models.Entities.Orders.GetOutbound(Int32 principalID, DateTime DateFrom, DateTime DateTo, String UserName) in C:\Users\27815\Documents\RamCustomerPortal2\RAM.WMSCustomerPortal\WMSCustomerPortal.Models\Entities\Orders.cs:line 616
   at WMSCustomerPortal.Web.Controllers.ReportsController.GetOutbound(JQueryDataTableParamModel param, String formData) in C:\Users\27815\Documents\RamCustomerPortal2\RAM.WMSCustomerPortal\WMSCustomerPortal.Web\Controllers\ReportsController.cs:line 560
2020-09-13 22:01:26,610 [GetDispatchedDataFilter] [ERROR] WMSCustomerPortal.Web.Controllers.ReportsController - SqlDateTime overflow. Must be between 1/1/1753 12:00:00 AM and 12/31/9999 11:59:59 PM.
System.Data.SqlTypes.SqlTypeException: SqlDateTime overflow. Must be between 1/1/1753 12:00:00 AM and 12/31/9999 11:59:59 PM.
   at WMSCustomerPortal.Models.Entities.Orders.GetOutbound(Int32 principalID, DateTime DateFrom, DateTime DateTo, String UserName) in C:\Users\27815\Documents\RamCustomerPortal2\RAM.WMSCustomerPortal\WMSCustomerPortal.Models\Entities\Orders.cs:line 616
   at WMSCustomerPortal.Web.Controllers.ReportsController.GetOutbound(JQueryDataTableParamModel param, String formData) in C:\Users\27815\Documents\RamCustomerPortal2\RAM.WMSCustomerPortal\WMSCustomerPortal.Web\Controllers\ReportsController.cs:line 560
2020-09-13 23:17:18,892 [GetDispatchedDataFilter] [ERROR] WMSCustomerPortal.Web.Controllers.ReportsController - Execution Timeout Expired.  The timeout period elapsed prior to completion of the operation or the server is not responding.
System.Data.SqlClient.SqlException (0x80131904): Execution Timeout Expired.  The timeout period elapsed prior to completion of the operation or the server is not responding. ---> System.ComponentModel.Win32Exception (0x80004005): The wait operation timed out
   at WMSCustomerPortal.Models.Entities.Orders.GetOutbound(Int32 principalID, DateTime DateFrom, DateTime DateTo, String UserName) in C:\Users\27815\Documents\RamCustomerPortal2\RAM.WMSCustomerPortal\WMSCustomerPortal.Models\Entities\Orders.cs:line 616
   at WMSCustomerPortal.Web.Controllers.ReportsController.GetOutbound(JQueryDataTableParamModel param, String formData) in C:\Users\27815\Documents\RamCustomerPortal2\RAM.WMSCustomerPortal\WMSCustomerPortal.Web\Controllers\ReportsController.cs:line 560
ClientConnectionId:9b7d0e8b-0d32-4f22-ade7-7232225c0f4e
Error Number:-2,State:0,Class:11
2020-09-13 23:25:26,329 [GetDispatchedDataFilter] [ERROR] WMSCustomerPortal.Web.Controllers.ReportsController - Execution Timeout Expired.  The timeout period elapsed prior to completion of the operation or the server is not responding.
System.Data.SqlClient.SqlException (0x80131904): Execution Timeout Expired.  The timeout period elapsed prior to completion of the operation or the server is not responding. ---> System.ComponentModel.Win32Exception (0x80004005): The wait operation timed out
   at WMSCustomerPortal.Models.Entities.Orders.GetOutbound(Int32 principalID, DateTime DateFrom, DateTime DateTo, String UserName) in C:\Users\27815\Documents\RamCustomerPortal2\RAM.WMSCustomerPortal\WMSCustomerPortal.Models\Entities\Orders.cs:line 616
   at WMSCustomerPortal.Web.Controllers.ReportsController.GetOutbound(JQueryDataTableParamModel param, String formData) in C:\Users\27815\Documents\RamCustomerPortal2\RAM.WMSCustomerPortal\WMSCustomerPortal.Web\Controllers\ReportsController.cs:line 560
ClientConnectionId:14c44170-f2b9-4d1e-9863-3bea61f872bf
Error Number:-2,State:0,Class:11
2020-09-13 23:26:46,033 [GetDispatchedDataFilter] [ERROR] WMSCustomerPortal.Web.Controllers.ReportsController - Execution Timeout Expired.  The timeout period elapsed prior to completion of the operation or the server is not responding.
System.Data.SqlClient.SqlException (0x80131904): Execution Timeout Expired.  The timeout period elapsed prior to completion of the operation or the server is not responding. ---> System.ComponentModel.Win32Exception (0x80004005): The wait operation timed out
   at WMSCustomerPortal.Models.Entities.Orders.GetOutbound(Int32 principalID, DateTime DateFrom, DateTime DateTo, String UserName) in C:\Users\27815\Documents\RamCustomerPortal2\RAM.WMSCustomerPortal\WMSCustomerPortal.Models\Entities\Orders.cs:line 616
   at WMSCustomerPortal.Web.Controllers.ReportsController.GetOutbound(JQueryDataTableParamModel param, String formData) in C:\Users\27815\Documents\RamCustomerPortal2\RAM.WMSCustomerPortal\WMSCustomerPortal.Web\Controllers\ReportsController.cs:line 560
ClientConnectionId:14c44170-f2b9-4d1e-9863-3bea61f872bf
Error Number:-2,State:0,Class:11
2020-09-13 23:30:22,004 [GetDispatchedDataFilter] [ERROR] WMSCustomerPortal.Web.Controllers.ReportsController - SqlDateTime overflow. Must be between 1/1/1753 12:00:00 AM and 12/31/9999 11:59:59 PM.
System.Data.SqlTypes.SqlTypeException: SqlDateTime overflow. Must be between 1/1/1753 12:00:00 AM and 12/31/9999 11:59:59 PM.
   at WMSCustomerPortal.Models.Entities.Orders.GetOutbound(Int32 principalID, DateTime DateFrom, DateTime DateTo, String UserName) in C:\Users\27815\Documents\RamCustomerPortal2\RAM.WMSCustomerPortal\WMSCustomerPortal.Models\Entities\Orders.cs:line 616
   at WMSCustomerPortal.Web.Controllers.ReportsController.GetOutbound(JQueryDataTableParamModel param, String formData) in C:\Users\27815\Documents\RamCustomerPortal2\RAM.WMSCustomerPortal\WMSCustomerPortal.Web\Controllers\ReportsController.cs:line 560
2020-09-13 23:30:24,744 [GetDispatchedDataFilter] [ERROR] WMSCustomerPortal.Web.Controllers.ReportsController - SqlDateTime overflow. Must be between 1/1/1753 12:00:00 AM and 12/31/9999 11:59:59 PM.
System.Data.SqlTypes.SqlTypeException: SqlDateTime overflow. Must be between 1/1/1753 12:00:00 AM and 12/31/9999 11:59:59 PM.
   at WMSCustomerPortal.Models.Entities.Orders.GetOutbound(Int32 principalID, DateTime DateFrom, DateTime DateTo, String UserName) in C:\Users\27815\Documents\RamCustomerPortal2\RAM.WMSCustomerPortal\WMSCustomerPortal.Models\Entities\Orders.cs:line 616
   at WMSCustomerPortal.Web.Controllers.ReportsController.GetOutbound(JQueryDataTableParamModel param, String formData) in C:\Users\27815\Documents\RamCustomerPortal2\RAM.WMSCustomerPortal\WMSCustomerPortal.Web\Controllers\ReportsController.cs:line 560
2020-09-13 23:54:38,617 [GetDispatchedDataFilter] [ERROR] WMSCustomerPortal.Web.Controllers.ReportsController - SqlDateTime overflow. Must be between 1/1/1753 12:00:00 AM and 12/31/9999 11:59:59 PM.
System.Data.SqlTypes.SqlTypeException: SqlDateTime overflow. Must be between 1/1/1753 12:00:00 AM and 12/31/9999 11:59:59 PM.
   at WMSCustomerPortal.Models.Entities.Orders.GetOutbound(Int32 principalID, DateTime DateFrom, DateTime DateTo, String UserName) in C:\Users\27815\Documents\RamCustomerPortal2\RAM.WMSCustomerPortal\WMSCustomerPortal.Models\Entities\Orders.cs:line 616
   at WMSCustomerPortal.Web.Controllers.ReportsController.GetOutbound(JQueryDataTableParamModel param, String formData) in C:\Users\27815\Documents\RamCustomerPortal2\RAM.WMSCustomerPortal\WMSCustomerPortal.Web\Controllers\ReportsController.cs:line 560
