2020-09-14 00:05:05,002 [GetDispatchedDataFilter] [ERROR] WMSCustomerPortal.Web.Controllers.ReportsController - Execution Timeout Expired.  The timeout period elapsed prior to completion of the operation or the server is not responding.
System.Data.SqlClient.SqlException (0x80131904): Execution Timeout Expired.  The timeout period elapsed prior to completion of the operation or the server is not responding. ---> System.ComponentModel.Win32Exception (0x80004005): The wait operation timed out
   at WMSCustomerPortal.Models.Entities.Orders.GetOutbound(Int32 principalID, DateTime DateFrom, DateTime DateTo, String UserName) in C:\Users\27815\Documents\RamCustomerPortal2\RAM.WMSCustomerPortal\WMSCustomerPortal.Models\Entities\Orders.cs:line 616
   at WMSCustomerPortal.Web.Controllers.ReportsController.GetOutbound(JQueryDataTableParamModel param, String formData) in C:\Users\27815\Documents\RamCustomerPortal2\RAM.WMSCustomerPortal\WMSCustomerPortal.Web\Controllers\ReportsController.cs:line 560
ClientConnectionId:1982ca4f-62fa-4352-b024-f256e766135c
Error Number:-2,State:0,Class:11
2020-09-14 00:07:06,979 [GetDispatchedDataFilter] [ERROR] WMSCustomerPortal.Web.Controllers.ReportsController - Execution Timeout Expired.  The timeout period elapsed prior to completion of the operation or the server is not responding.
System.Data.SqlClient.SqlException (0x80131904): Execution Timeout Expired.  The timeout period elapsed prior to completion of the operation or the server is not responding. ---> System.ComponentModel.Win32Exception (0x80004005): The wait operation timed out
   at WMSCustomerPortal.Models.Entities.Orders.GetOutbound(Int32 principalID, DateTime DateFrom, DateTime DateTo, String UserName) in C:\Users\27815\Documents\RamCustomerPortal2\RAM.WMSCustomerPortal\WMSCustomerPortal.Models\Entities\Orders.cs:line 616
   at WMSCustomerPortal.Web.Controllers.ReportsController.GetOutbound(JQueryDataTableParamModel param, String formData) in C:\Users\27815\Documents\RamCustomerPortal2\RAM.WMSCustomerPortal\WMSCustomerPortal.Web\Controllers\ReportsController.cs:line 560
ClientConnectionId:1982ca4f-62fa-4352-b024-f256e766135c
Error Number:-2,State:0,Class:11
2020-09-14 00:09:06,192 [GetDispatchedDataFilter] [ERROR] WMSCustomerPortal.Web.Controllers.ReportsController - Execution Timeout Expired.  The timeout period elapsed prior to completion of the operation or the server is not responding.
System.Data.SqlClient.SqlException (0x80131904): Execution Timeout Expired.  The timeout period elapsed prior to completion of the operation or the server is not responding. ---> System.ComponentModel.Win32Exception (0x80004005): The wait operation timed out
   at WMSCustomerPortal.Models.Entities.Orders.GetOutbound(Int32 principalID, DateTime DateFrom, DateTime DateTo, String UserName) in C:\Users\27815\Documents\RamCustomerPortal2\RAM.WMSCustomerPortal\WMSCustomerPortal.Models\Entities\Orders.cs:line 616
   at WMSCustomerPortal.Web.Controllers.ReportsController.GetOutbound(JQueryDataTableParamModel param, String formData) in C:\Users\27815\Documents\RamCustomerPortal2\RAM.WMSCustomerPortal\WMSCustomerPortal.Web\Controllers\ReportsController.cs:line 560
ClientConnectionId:1982ca4f-62fa-4352-b024-f256e766135c
Error Number:-2,State:0,Class:11
2020-09-14 00:09:37,857 [GetDispatchedDataFilter] [ERROR] WMSCustomerPortal.Web.Controllers.ReportsController - Execution Timeout Expired.  The timeout period elapsed prior to completion of the operation or the server is not responding.
System.Data.SqlClient.SqlException (0x80131904): Execution Timeout Expired.  The timeout period elapsed prior to completion of the operation or the server is not responding. ---> System.ComponentModel.Win32Exception (0x80004005): The wait operation timed out
   at WMSCustomerPortal.Models.Entities.Orders.GetOutbound(Int32 principalID, DateTime DateFrom, DateTime DateTo, String UserName) in C:\Users\27815\Documents\RamCustomerPortal2\RAM.WMSCustomerPortal\WMSCustomerPortal.Models\Entities\Orders.cs:line 616
   at WMSCustomerPortal.Web.Controllers.ReportsController.GetOutbound(JQueryDataTableParamModel param, String formData) in C:\Users\27815\Documents\RamCustomerPortal2\RAM.WMSCustomerPortal\WMSCustomerPortal.Web\Controllers\ReportsController.cs:line 560
ClientConnectionId:1982ca4f-62fa-4352-b024-f256e766135c
Error Number:-2,State:0,Class:11
2020-09-14 00:23:36,301 [GetDispatchedDataFilter] [ERROR] WMSCustomerPortal.Web.Controllers.ReportsController - Execution Timeout Expired.  The timeout period elapsed prior to completion of the operation or the server is not responding.
System.Data.SqlClient.SqlException (0x80131904): Execution Timeout Expired.  The timeout period elapsed prior to completion of the operation or the server is not responding. ---> System.ComponentModel.Win32Exception (0x80004005): The wait operation timed out
   at WMSCustomerPortal.Models.Entities.Orders.GetOutbound(Int32 principalID, DateTime DateFrom, DateTime DateTo, String UserName) in C:\Users\27815\Documents\RamCustomerPortal2\RAM.WMSCustomerPortal\WMSCustomerPortal.Models\Entities\Orders.cs:line 616
   at WMSCustomerPortal.Web.Controllers.ReportsController.GetOutbound(JQueryDataTableParamModel param, String formData) in C:\Users\27815\Documents\RamCustomerPortal2\RAM.WMSCustomerPortal\WMSCustomerPortal.Web\Controllers\ReportsController.cs:line 560
ClientConnectionId:0ccf1f9b-987b-473e-b19b-9fdf46bd459a
Error Number:-2,State:0,Class:11
2020-09-14 00:24:36,723 [GetDispatchedDataFilter] [ERROR] WMSCustomerPortal.Web.Controllers.ReportsController - Execution Timeout Expired.  The timeout period elapsed prior to completion of the operation or the server is not responding.
System.Data.SqlClient.SqlException (0x80131904): Execution Timeout Expired.  The timeout period elapsed prior to completion of the operation or the server is not responding. ---> System.ComponentModel.Win32Exception (0x80004005): The wait operation timed out
   at WMSCustomerPortal.Models.Entities.Orders.GetOutbound(Int32 principalID, DateTime DateFrom, DateTime DateTo, String UserName) in C:\Users\27815\Documents\RamCustomerPortal2\RAM.WMSCustomerPortal\WMSCustomerPortal.Models\Entities\Orders.cs:line 616
   at WMSCustomerPortal.Web.Controllers.ReportsController.GetOutbound(JQueryDataTableParamModel param, String formData) in C:\Users\27815\Documents\RamCustomerPortal2\RAM.WMSCustomerPortal\WMSCustomerPortal.Web\Controllers\ReportsController.cs:line 560
ClientConnectionId:0ccf1f9b-987b-473e-b19b-9fdf46bd459a
Error Number:-2,State:0,Class:11
2020-09-14 00:48:28,339 [GetDispatchedDataFilter] [ERROR] WMSCustomerPortal.Web.Controllers.ReportsController - Execution Timeout Expired.  The timeout period elapsed prior to completion of the operation or the server is not responding.
System.Data.SqlClient.SqlException (0x80131904): Execution Timeout Expired.  The timeout period elapsed prior to completion of the operation or the server is not responding. ---> System.ComponentModel.Win32Exception (0x80004005): The wait operation timed out
   at WMSCustomerPortal.Models.Entities.Orders.GetOutbound(Int32 principalID, DateTime DateFrom, DateTime DateTo, String UserName) in C:\Users\27815\Documents\RamCustomerPortal2\RAM.WMSCustomerPortal\WMSCustomerPortal.Models\Entities\Orders.cs:line 616
   at WMSCustomerPortal.Web.Controllers.ReportsController.GetOutbound(JQueryDataTableParamModel param, String formData) in C:\Users\27815\Documents\RamCustomerPortal2\RAM.WMSCustomerPortal\WMSCustomerPortal.Web\Controllers\ReportsController.cs:line 560
ClientConnectionId:d2a7d9c2-47ff-44ee-ab0e-70e8b5489a03
Error Number:-2,State:0,Class:11
2020-09-14 00:50:51,630 [GetDispatchedDataFilter] [ERROR] WMSCustomerPortal.Web.Controllers.ReportsController - Execution Timeout Expired.  The timeout period elapsed prior to completion of the operation or the server is not responding.
System.Data.SqlClient.SqlException (0x80131904): Execution Timeout Expired.  The timeout period elapsed prior to completion of the operation or the server is not responding. ---> System.ComponentModel.Win32Exception (0x80004005): The wait operation timed out
   at WMSCustomerPortal.Models.Entities.InboundMaster.GetInbound(Int32 principalID, DateTime DateFrom, DateTime DateTo, String UserName) in C:\Users\27815\Documents\RamCustomerPortal2\RAM.WMSCustomerPortal\WMSCustomerPortal.Models\Entities\InboundMaster.cs:line 627
   at WMSCustomerPortal.Web.Controllers.ReportsController.GetInbound(JQueryDataTableParamModel param, String formData) in C:\Users\27815\Documents\RamCustomerPortal2\RAM.WMSCustomerPortal\WMSCustomerPortal.Web\Controllers\ReportsController.cs:line 514
ClientConnectionId:d2a7d9c2-47ff-44ee-ab0e-70e8b5489a03
Error Number:-2,State:0,Class:11
2020-09-14 00:51:22,504 [GetDispatchedDataFilter] [ERROR] WMSCustomerPortal.Web.Controllers.ReportsController - Execution Timeout Expired.  The timeout period elapsed prior to completion of the operation or the server is not responding.
System.Data.SqlClient.SqlException (0x80131904): Execution Timeout Expired.  The timeout period elapsed prior to completion of the operation or the server is not responding. ---> System.ComponentModel.Win32Exception (0x80004005): The wait operation timed out
   at WMSCustomerPortal.Models.Entities.InboundMaster.GetInbound(Int32 principalID, DateTime DateFrom, DateTime DateTo, String UserName) in C:\Users\27815\Documents\RamCustomerPortal2\RAM.WMSCustomerPortal\WMSCustomerPortal.Models\Entities\InboundMaster.cs:line 627
   at WMSCustomerPortal.Web.Controllers.ReportsController.GetInbound(JQueryDataTableParamModel param, String formData) in C:\Users\27815\Documents\RamCustomerPortal2\RAM.WMSCustomerPortal\WMSCustomerPortal.Web\Controllers\ReportsController.cs:line 514
ClientConnectionId:d2a7d9c2-47ff-44ee-ab0e-70e8b5489a03
Error Number:-2,State:0,Class:11
2020-09-14 00:51:53,850 [GetDispatchedDataFilter] [ERROR] WMSCustomerPortal.Web.Controllers.ReportsController - Execution Timeout Expired.  The timeout period elapsed prior to completion of the operation or the server is not responding.
System.Data.SqlClient.SqlException (0x80131904): Execution Timeout Expired.  The timeout period elapsed prior to completion of the operation or the server is not responding. ---> System.ComponentModel.Win32Exception (0x80004005): The wait operation timed out
   at WMSCustomerPortal.Models.Entities.InboundMaster.GetInbound(Int32 principalID, DateTime DateFrom, DateTime DateTo, String UserName) in C:\Users\27815\Documents\RamCustomerPortal2\RAM.WMSCustomerPortal\WMSCustomerPortal.Models\Entities\InboundMaster.cs:line 627
   at WMSCustomerPortal.Web.Controllers.ReportsController.GetInbound(JQueryDataTableParamModel param, String formData) in C:\Users\27815\Documents\RamCustomerPortal2\RAM.WMSCustomerPortal\WMSCustomerPortal.Web\Controllers\ReportsController.cs:line 514
ClientConnectionId:d2a7d9c2-47ff-44ee-ab0e-70e8b5489a03
Error Number:-2,State:0,Class:11
2020-09-14 00:52:38,243 [GetDispatchedDataFilter] [ERROR] WMSCustomerPortal.Web.Controllers.ReportsController - Execution Timeout Expired.  The timeout period elapsed prior to completion of the operation or the server is not responding.
System.Data.SqlClient.SqlException (0x80131904): Execution Timeout Expired.  The timeout period elapsed prior to completion of the operation or the server is not responding. ---> System.ComponentModel.Win32Exception (0x80004005): The wait operation timed out
   at WMSCustomerPortal.Models.Entities.Orders.GetOutbound(Int32 principalID, DateTime DateFrom, DateTime DateTo, String UserName) in C:\Users\27815\Documents\RamCustomerPortal2\RAM.WMSCustomerPortal\WMSCustomerPortal.Models\Entities\Orders.cs:line 616
   at WMSCustomerPortal.Web.Controllers.ReportsController.GetOutbound(JQueryDataTableParamModel param, String formData) in C:\Users\27815\Documents\RamCustomerPortal2\RAM.WMSCustomerPortal\WMSCustomerPortal.Web\Controllers\ReportsController.cs:line 560
ClientConnectionId:d2a7d9c2-47ff-44ee-ab0e-70e8b5489a03
Error Number:-2,State:0,Class:11
2020-09-14 01:00:25,358 [GetDispatchedDataFilter] [ERROR] WMSCustomerPortal.Web.Controllers.ReportsController - Execution Timeout Expired.  The timeout period elapsed prior to completion of the operation or the server is not responding.
System.Data.SqlClient.SqlException (0x80131904): Execution Timeout Expired.  The timeout period elapsed prior to completion of the operation or the server is not responding. ---> System.ComponentModel.Win32Exception (0x80004005): The wait operation timed out
   at WMSCustomerPortal.Models.Entities.InboundMaster.GetInbound(Int32 principalID, DateTime DateFrom, DateTime DateTo, String UserName) in C:\Users\27815\Documents\RamCustomerPortal2\RAM.WMSCustomerPortal\WMSCustomerPortal.Models\Entities\InboundMaster.cs:line 627
   at WMSCustomerPortal.Web.Controllers.ReportsController.GetInbound(JQueryDataTableParamModel param, String formData) in C:\Users\27815\Documents\RamCustomerPortal2\RAM.WMSCustomerPortal\WMSCustomerPortal.Web\Controllers\ReportsController.cs:line 514
ClientConnectionId:ce086465-f5ba-4a51-aa47-4e2c3d6b0415
Error Number:-2,State:0,Class:11
2020-09-14 01:00:56,231 [GetDispatchedDataFilter] [ERROR] WMSCustomerPortal.Web.Controllers.ReportsController - Execution Timeout Expired.  The timeout period elapsed prior to completion of the operation or the server is not responding.
System.Data.SqlClient.SqlException (0x80131904): Execution Timeout Expired.  The timeout period elapsed prior to completion of the operation or the server is not responding. ---> System.ComponentModel.Win32Exception (0x80004005): The wait operation timed out
   at WMSCustomerPortal.Models.Entities.InboundMaster.GetInbound(Int32 principalID, DateTime DateFrom, DateTime DateTo, String UserName) in C:\Users\27815\Documents\RamCustomerPortal2\RAM.WMSCustomerPortal\WMSCustomerPortal.Models\Entities\InboundMaster.cs:line 627
   at WMSCustomerPortal.Web.Controllers.ReportsController.GetInbound(JQueryDataTableParamModel param, String formData) in C:\Users\27815\Documents\RamCustomerPortal2\RAM.WMSCustomerPortal\WMSCustomerPortal.Web\Controllers\ReportsController.cs:line 514
ClientConnectionId:ce086465-f5ba-4a51-aa47-4e2c3d6b0415
Error Number:-2,State:0,Class:11
2020-09-14 01:01:27,269 [GetDispatchedDataFilter] [ERROR] WMSCustomerPortal.Web.Controllers.ReportsController - Execution Timeout Expired.  The timeout period elapsed prior to completion of the operation or the server is not responding.
System.Data.SqlClient.SqlException (0x80131904): Execution Timeout Expired.  The timeout period elapsed prior to completion of the operation or the server is not responding. ---> System.ComponentModel.Win32Exception (0x80004005): The wait operation timed out
   at WMSCustomerPortal.Models.Entities.InboundMaster.GetInbound(Int32 principalID, DateTime DateFrom, DateTime DateTo, String UserName) in C:\Users\27815\Documents\RamCustomerPortal2\RAM.WMSCustomerPortal\WMSCustomerPortal.Models\Entities\InboundMaster.cs:line 627
   at WMSCustomerPortal.Web.Controllers.ReportsController.GetInbound(JQueryDataTableParamModel param, String formData) in C:\Users\27815\Documents\RamCustomerPortal2\RAM.WMSCustomerPortal\WMSCustomerPortal.Web\Controllers\ReportsController.cs:line 514
ClientConnectionId:ce086465-f5ba-4a51-aa47-4e2c3d6b0415
Error Number:-2,State:0,Class:11
2020-09-14 01:02:11,153 [GetDispatchedDataFilter] [ERROR] WMSCustomerPortal.Web.Controllers.ReportsController - Execution Timeout Expired.  The timeout period elapsed prior to completion of the operation or the server is not responding.
System.Data.SqlClient.SqlException (0x80131904): Execution Timeout Expired.  The timeout period elapsed prior to completion of the operation or the server is not responding. ---> System.ComponentModel.Win32Exception (0x80004005): The wait operation timed out
   at WMSCustomerPortal.Models.Entities.Orders.GetOutbound(Int32 principalID, DateTime DateFrom, DateTime DateTo, String UserName) in C:\Users\27815\Documents\RamCustomerPortal2\RAM.WMSCustomerPortal\WMSCustomerPortal.Models\Entities\Orders.cs:line 616
   at WMSCustomerPortal.Web.Controllers.ReportsController.GetOutbound(JQueryDataTableParamModel param, String formData) in C:\Users\27815\Documents\RamCustomerPortal2\RAM.WMSCustomerPortal\WMSCustomerPortal.Web\Controllers\ReportsController.cs:line 560
ClientConnectionId:ce086465-f5ba-4a51-aa47-4e2c3d6b0415
Error Number:-2,State:0,Class:11
2020-09-14 01:03:24,536 [GetDispatchedDataFilter] [ERROR] WMSCustomerPortal.Web.Controllers.ReportsController - Execution Timeout Expired.  The timeout period elapsed prior to completion of the operation or the server is not responding.
System.Data.SqlClient.SqlException (0x80131904): Execution Timeout Expired.  The timeout period elapsed prior to completion of the operation or the server is not responding. ---> System.ComponentModel.Win32Exception (0x80004005): The wait operation timed out
   at WMSCustomerPortal.Models.Entities.Orders.GetOutbound(Int32 principalID, DateTime DateFrom, DateTime DateTo, String UserName) in C:\Users\27815\Documents\RamCustomerPortal2\RAM.WMSCustomerPortal\WMSCustomerPortal.Models\Entities\Orders.cs:line 616
   at WMSCustomerPortal.Web.Controllers.ReportsController.GetOutbound(JQueryDataTableParamModel param, String formData) in C:\Users\27815\Documents\RamCustomerPortal2\RAM.WMSCustomerPortal\WMSCustomerPortal.Web\Controllers\ReportsController.cs:line 560
ClientConnectionId:ce086465-f5ba-4a51-aa47-4e2c3d6b0415
Error Number:-2,State:0,Class:11
2020-09-14 01:05:21,162 [GetDispatchedDataFilter] [ERROR] WMSCustomerPortal.Web.Controllers.ReportsController - Execution Timeout Expired.  The timeout period elapsed prior to completion of the operation or the server is not responding.
System.Data.SqlClient.SqlException (0x80131904): Execution Timeout Expired.  The timeout period elapsed prior to completion of the operation or the server is not responding. ---> System.ComponentModel.Win32Exception (0x80004005): The wait operation timed out
   at WMSCustomerPortal.Models.Entities.Orders.GetOutbound(Int32 principalID, DateTime DateFrom, DateTime DateTo, String UserName) in C:\Users\27815\Documents\RamCustomerPortal2\RAM.WMSCustomerPortal\WMSCustomerPortal.Models\Entities\Orders.cs:line 616
   at WMSCustomerPortal.Web.Controllers.ReportsController.GetOutbound(JQueryDataTableParamModel param, String formData) in C:\Users\27815\Documents\RamCustomerPortal2\RAM.WMSCustomerPortal\WMSCustomerPortal.Web\Controllers\ReportsController.cs:line 560
ClientConnectionId:ce086465-f5ba-4a51-aa47-4e2c3d6b0415
Error Number:-2,State:0,Class:11
2020-09-14 01:21:47,648 [GetDispatchedDataFilter] [ERROR] WMSCustomerPortal.Web.Controllers.ReportsController - Execution Timeout Expired.  The timeout period elapsed prior to completion of the operation or the server is not responding.
System.Data.SqlClient.SqlException (0x80131904): Execution Timeout Expired.  The timeout period elapsed prior to completion of the operation or the server is not responding. ---> System.ComponentModel.Win32Exception (0x80004005): The wait operation timed out
   at WMSCustomerPortal.Models.Entities.Orders.GetOutbound(Int32 principalID, DateTime DateFrom, DateTime DateTo, String UserName) in C:\Users\27815\Documents\RamCustomerPortal2\RAM.WMSCustomerPortal\WMSCustomerPortal.Models\Entities\Orders.cs:line 616
   at WMSCustomerPortal.Web.Controllers.ReportsController.GetOutbound(JQueryDataTableParamModel param, String formData) in C:\Users\27815\Documents\RamCustomerPortal2\RAM.WMSCustomerPortal\WMSCustomerPortal.Web\Controllers\ReportsController.cs:line 560
ClientConnectionId:dfb100ff-d34f-4004-a2b6-c58b8c620412
Error Number:-2,State:0,Class:11
2020-09-14 01:23:46,913 [GetDispatchedDataFilter] [ERROR] WMSCustomerPortal.Web.Controllers.ReportsController - Execution Timeout Expired.  The timeout period elapsed prior to completion of the operation or the server is not responding.
System.Data.SqlClient.SqlException (0x80131904): Execution Timeout Expired.  The timeout period elapsed prior to completion of the operation or the server is not responding. ---> System.ComponentModel.Win32Exception (0x80004005): The wait operation timed out
   at WMSCustomerPortal.Models.Entities.Orders.GetOutbound(Int32 principalID, DateTime DateFrom, DateTime DateTo, String UserName) in C:\Users\27815\Documents\RamCustomerPortal2\RAM.WMSCustomerPortal\WMSCustomerPortal.Models\Entities\Orders.cs:line 616
   at WMSCustomerPortal.Web.Controllers.ReportsController.GetOutbound(JQueryDataTableParamModel param, String formData) in C:\Users\27815\Documents\RamCustomerPortal2\RAM.WMSCustomerPortal\WMSCustomerPortal.Web\Controllers\ReportsController.cs:line 560
ClientConnectionId:dfb100ff-d34f-4004-a2b6-c58b8c620412
Error Number:-2,State:0,Class:11
2020-09-14 01:25:30,067 [GetStockOnHandFilter] [ERROR] WMSCustomerPortal.Web.Controllers.ReportsController - Execution Timeout Expired.  The timeout period elapsed prior to completion of the operation or the server is not responding.
System.Data.SqlClient.SqlException (0x80131904): Execution Timeout Expired.  The timeout period elapsed prior to completion of the operation or the server is not responding. ---> System.ComponentModel.Win32Exception (0x80004005): The wait operation timed out
   at WMSCustomerPortal.Models.Entities.ProductStaging.GetNewStockAgeDetailData(Int32 principalID, DateTime DateFrom, DateTime DateTo) in C:\Users\27815\Documents\RamCustomerPortal2\RAM.WMSCustomerPortal\WMSCustomerPortal.Models\Entities\ProductStaging.cs:line 818
   at WMSCustomerPortal.Web.Controllers.ReportsController.GetNewStockAgeDetail(JQueryDataTableParamModel param, String formData) in C:\Users\27815\Documents\RamCustomerPortal2\RAM.WMSCustomerPortal\WMSCustomerPortal.Web\Controllers\ReportsController.cs:line 299
ClientConnectionId:dfb100ff-d34f-4004-a2b6-c58b8c620412
Error Number:-2,State:0,Class:11
2020-09-14 01:26:39,536 [GetDispatchedDataFilter] [ERROR] WMSCustomerPortal.Web.Controllers.ReportsController - Execution Timeout Expired.  The timeout period elapsed prior to completion of the operation or the server is not responding.
System.Data.SqlClient.SqlException (0x80131904): Execution Timeout Expired.  The timeout period elapsed prior to completion of the operation or the server is not responding. ---> System.ComponentModel.Win32Exception (0x80004005): The wait operation timed out
   at WMSCustomerPortal.Models.Entities.Orders.GetOutbound(Int32 principalID, DateTime DateFrom, DateTime DateTo, String UserName) in C:\Users\27815\Documents\RamCustomerPortal2\RAM.WMSCustomerPortal\WMSCustomerPortal.Models\Entities\Orders.cs:line 616
   at WMSCustomerPortal.Web.Controllers.ReportsController.GetOutbound(JQueryDataTableParamModel param, String formData) in C:\Users\27815\Documents\RamCustomerPortal2\RAM.WMSCustomerPortal\WMSCustomerPortal.Web\Controllers\ReportsController.cs:line 560
ClientConnectionId:71ba4f01-8d15-4334-82dc-9b74d82936dc
Error Number:-2,State:0,Class:11
2020-09-14 01:28:41,341 [GetDispatchedDataFilter] [ERROR] WMSCustomerPortal.Web.Controllers.ReportsController - Execution Timeout Expired.  The timeout period elapsed prior to completion of the operation or the server is not responding.
System.Data.SqlClient.SqlException (0x80131904): Execution Timeout Expired.  The timeout period elapsed prior to completion of the operation or the server is not responding. ---> System.ComponentModel.Win32Exception (0x80004005): The wait operation timed out
   at WMSCustomerPortal.Models.Entities.Orders.GetOutbound(Int32 principalID, DateTime DateFrom, DateTime DateTo, String UserName) in C:\Users\27815\Documents\RamCustomerPortal2\RAM.WMSCustomerPortal\WMSCustomerPortal.Models\Entities\Orders.cs:line 616
   at WMSCustomerPortal.Web.Controllers.ReportsController.GetOutbound(JQueryDataTableParamModel param, String formData) in C:\Users\27815\Documents\RamCustomerPortal2\RAM.WMSCustomerPortal\WMSCustomerPortal.Web\Controllers\ReportsController.cs:line 560
ClientConnectionId:3702c430-a324-46e5-8f71-ffe43adf3e9d
Error Number:-2,State:0,Class:11
2020-09-14 01:29:28,171 [GetDispatchedDataFilter] [ERROR] WMSCustomerPortal.Web.Controllers.ReportsController - Execution Timeout Expired.  The timeout period elapsed prior to completion of the operation or the server is not responding.
System.Data.SqlClient.SqlException (0x80131904): Execution Timeout Expired.  The timeout period elapsed prior to completion of the operation or the server is not responding. ---> System.ComponentModel.Win32Exception (0x80004005): The wait operation timed out
   at WMSCustomerPortal.Models.Entities.Orders.GetOutbound(Int32 principalID, DateTime DateFrom, DateTime DateTo, String UserName) in C:\Users\27815\Documents\RamCustomerPortal2\RAM.WMSCustomerPortal\WMSCustomerPortal.Models\Entities\Orders.cs:line 616
   at WMSCustomerPortal.Web.Controllers.ReportsController.GetOutbound(JQueryDataTableParamModel param, String formData) in C:\Users\27815\Documents\RamCustomerPortal2\RAM.WMSCustomerPortal\WMSCustomerPortal.Web\Controllers\ReportsController.cs:line 560
ClientConnectionId:3702c430-a324-46e5-8f71-ffe43adf3e9d
Error Number:-2,State:0,Class:11
2020-09-14 01:30:37,834 [GetDispatchedDataFilter] [ERROR] WMSCustomerPortal.Web.Controllers.ReportsController - Execution Timeout Expired.  The timeout period elapsed prior to completion of the operation or the server is not responding.
System.Data.SqlClient.SqlException (0x80131904): Execution Timeout Expired.  The timeout period elapsed prior to completion of the operation or the server is not responding. ---> System.ComponentModel.Win32Exception (0x80004005): The wait operation timed out
   at WMSCustomerPortal.Models.Entities.Orders.GetOutbound(Int32 principalID, DateTime DateFrom, DateTime DateTo, String UserName) in C:\Users\27815\Documents\RamCustomerPortal2\RAM.WMSCustomerPortal\WMSCustomerPortal.Models\Entities\Orders.cs:line 616
   at WMSCustomerPortal.Web.Controllers.ReportsController.GetOutbound(JQueryDataTableParamModel param, String formData) in C:\Users\27815\Documents\RamCustomerPortal2\RAM.WMSCustomerPortal\WMSCustomerPortal.Web\Controllers\ReportsController.cs:line 560
ClientConnectionId:3702c430-a324-46e5-8f71-ffe43adf3e9d
Error Number:-2,State:0,Class:11
2020-09-14 01:31:08,889 [GetDispatchedDataFilter] [ERROR] WMSCustomerPortal.Web.Controllers.ReportsController - Execution Timeout Expired.  The timeout period elapsed prior to completion of the operation or the server is not responding.
System.Data.SqlClient.SqlException (0x80131904): Execution Timeout Expired.  The timeout period elapsed prior to completion of the operation or the server is not responding. ---> System.ComponentModel.Win32Exception (0x80004005): The wait operation timed out
   at WMSCustomerPortal.Models.Entities.Orders.GetOutbound(Int32 principalID, DateTime DateFrom, DateTime DateTo, String UserName) in C:\Users\27815\Documents\RamCustomerPortal2\RAM.WMSCustomerPortal\WMSCustomerPortal.Models\Entities\Orders.cs:line 616
   at WMSCustomerPortal.Web.Controllers.ReportsController.GetOutbound(JQueryDataTableParamModel param, String formData) in C:\Users\27815\Documents\RamCustomerPortal2\RAM.WMSCustomerPortal\WMSCustomerPortal.Web\Controllers\ReportsController.cs:line 560
ClientConnectionId:3702c430-a324-46e5-8f71-ffe43adf3e9d
Error Number:-2,State:0,Class:11
2020-09-14 01:31:39,502 [GetDispatchedDataFilter] [ERROR] WMSCustomerPortal.Web.Controllers.ReportsController - Execution Timeout Expired.  The timeout period elapsed prior to completion of the operation or the server is not responding.
System.Data.SqlClient.SqlException (0x80131904): Execution Timeout Expired.  The timeout period elapsed prior to completion of the operation or the server is not responding. ---> System.ComponentModel.Win32Exception (0x80004005): The wait operation timed out
   at WMSCustomerPortal.Models.Entities.Orders.GetOutbound(Int32 principalID, DateTime DateFrom, DateTime DateTo, String UserName) in C:\Users\27815\Documents\RamCustomerPortal2\RAM.WMSCustomerPortal\WMSCustomerPortal.Models\Entities\Orders.cs:line 616
   at WMSCustomerPortal.Web.Controllers.ReportsController.GetOutbound(JQueryDataTableParamModel param, String formData) in C:\Users\27815\Documents\RamCustomerPortal2\RAM.WMSCustomerPortal\WMSCustomerPortal.Web\Controllers\ReportsController.cs:line 560
ClientConnectionId:3702c430-a324-46e5-8f71-ffe43adf3e9d
Error Number:-2,State:0,Class:11
2020-09-14 01:32:10,410 [GetDispatchedDataFilter] [ERROR] WMSCustomerPortal.Web.Controllers.ReportsController - Execution Timeout Expired.  The timeout period elapsed prior to completion of the operation or the server is not responding.
System.Data.SqlClient.SqlException (0x80131904): Execution Timeout Expired.  The timeout period elapsed prior to completion of the operation or the server is not responding. ---> System.ComponentModel.Win32Exception (0x80004005): The wait operation timed out
   at WMSCustomerPortal.Models.Entities.Orders.GetOutbound(Int32 principalID, DateTime DateFrom, DateTime DateTo, String UserName) in C:\Users\27815\Documents\RamCustomerPortal2\RAM.WMSCustomerPortal\WMSCustomerPortal.Models\Entities\Orders.cs:line 616
   at WMSCustomerPortal.Web.Controllers.ReportsController.GetOutbound(JQueryDataTableParamModel param, String formData) in C:\Users\27815\Documents\RamCustomerPortal2\RAM.WMSCustomerPortal\WMSCustomerPortal.Web\Controllers\ReportsController.cs:line 560
ClientConnectionId:3702c430-a324-46e5-8f71-ffe43adf3e9d
Error Number:-2,State:0,Class:11
2020-09-14 01:41:46,717 [GetDispatchedDataFilter] [ERROR] WMSCustomerPortal.Web.Controllers.ReportsController - Execution Timeout Expired.  The timeout period elapsed prior to completion of the operation or the server is not responding.
System.Data.SqlClient.SqlException (0x80131904): Execution Timeout Expired.  The timeout period elapsed prior to completion of the operation or the server is not responding. ---> System.ComponentModel.Win32Exception (0x80004005): The wait operation timed out
   at WMSCustomerPortal.Models.Entities.InboundMaster.GetInbound(Int32 principalID, DateTime DateFrom, DateTime DateTo, String UserName) in C:\Users\27815\Documents\RamCustomerPortal2\RAM.WMSCustomerPortal\WMSCustomerPortal.Models\Entities\InboundMaster.cs:line 627
   at WMSCustomerPortal.Web.Controllers.ReportsController.GetInbound(JQueryDataTableParamModel param, String formData) in C:\Users\27815\Documents\RamCustomerPortal2\RAM.WMSCustomerPortal\WMSCustomerPortal.Web\Controllers\ReportsController.cs:line 514
ClientConnectionId:e34d2cd7-2d64-417c-84a8-74c227cfbaff
Error Number:-2,State:0,Class:11
2020-09-14 01:42:17,207 [GetDispatchedDataFilter] [ERROR] WMSCustomerPortal.Web.Controllers.ReportsController - Execution Timeout Expired.  The timeout period elapsed prior to completion of the operation or the server is not responding.
System.Data.SqlClient.SqlException (0x80131904): Execution Timeout Expired.  The timeout period elapsed prior to completion of the operation or the server is not responding. ---> System.ComponentModel.Win32Exception (0x80004005): The wait operation timed out
   at WMSCustomerPortal.Models.Entities.Orders.GetOutbound(Int32 principalID, DateTime DateFrom, DateTime DateTo, String UserName) in C:\Users\27815\Documents\RamCustomerPortal2\RAM.WMSCustomerPortal\WMSCustomerPortal.Models\Entities\Orders.cs:line 616
   at WMSCustomerPortal.Web.Controllers.ReportsController.GetOutbound(JQueryDataTableParamModel param, String formData) in C:\Users\27815\Documents\RamCustomerPortal2\RAM.WMSCustomerPortal\WMSCustomerPortal.Web\Controllers\ReportsController.cs:line 560
ClientConnectionId:e34d2cd7-2d64-417c-84a8-74c227cfbaff
Error Number:-2,State:0,Class:11
2020-09-14 01:42:47,997 [GetDispatchedDataFilter] [ERROR] WMSCustomerPortal.Web.Controllers.ReportsController - Execution Timeout Expired.  The timeout period elapsed prior to completion of the operation or the server is not responding.
System.Data.SqlClient.SqlException (0x80131904): Execution Timeout Expired.  The timeout period elapsed prior to completion of the operation or the server is not responding. ---> System.ComponentModel.Win32Exception (0x80004005): The wait operation timed out
   at WMSCustomerPortal.Models.Entities.Orders.GetOutbound(Int32 principalID, DateTime DateFrom, DateTime DateTo, String UserName) in C:\Users\27815\Documents\RamCustomerPortal2\RAM.WMSCustomerPortal\WMSCustomerPortal.Models\Entities\Orders.cs:line 616
   at WMSCustomerPortal.Web.Controllers.ReportsController.GetOutbound(JQueryDataTableParamModel param, String formData) in C:\Users\27815\Documents\RamCustomerPortal2\RAM.WMSCustomerPortal\WMSCustomerPortal.Web\Controllers\ReportsController.cs:line 560
ClientConnectionId:e34d2cd7-2d64-417c-84a8-74c227cfbaff
Error Number:-2,State:0,Class:11
2020-09-14 01:43:19,370 [GetDispatchedDataFilter] [ERROR] WMSCustomerPortal.Web.Controllers.ReportsController - Execution Timeout Expired.  The timeout period elapsed prior to completion of the operation or the server is not responding.
System.Data.SqlClient.SqlException (0x80131904): Execution Timeout Expired.  The timeout period elapsed prior to completion of the operation or the server is not responding. ---> System.ComponentModel.Win32Exception (0x80004005): The wait operation timed out
   at WMSCustomerPortal.Models.Entities.InboundMaster.GetInbound(Int32 principalID, DateTime DateFrom, DateTime DateTo, String UserName) in C:\Users\27815\Documents\RamCustomerPortal2\RAM.WMSCustomerPortal\WMSCustomerPortal.Models\Entities\InboundMaster.cs:line 627
   at WMSCustomerPortal.Web.Controllers.ReportsController.GetInbound(JQueryDataTableParamModel param, String formData) in C:\Users\27815\Documents\RamCustomerPortal2\RAM.WMSCustomerPortal\WMSCustomerPortal.Web\Controllers\ReportsController.cs:line 514
ClientConnectionId:e34d2cd7-2d64-417c-84a8-74c227cfbaff
Error Number:-2,State:0,Class:11
2020-09-14 01:44:01,226 [GetDispatchedDataFilter] [ERROR] WMSCustomerPortal.Web.Controllers.ReportsController - Execution Timeout Expired.  The timeout period elapsed prior to completion of the operation or the server is not responding.
System.Data.SqlClient.SqlException (0x80131904): Execution Timeout Expired.  The timeout period elapsed prior to completion of the operation or the server is not responding. ---> System.ComponentModel.Win32Exception (0x80004005): The wait operation timed out
   at WMSCustomerPortal.Models.Entities.Orders.GetOutbound(Int32 principalID, DateTime DateFrom, DateTime DateTo, String UserName) in C:\Users\27815\Documents\RamCustomerPortal2\RAM.WMSCustomerPortal\WMSCustomerPortal.Models\Entities\Orders.cs:line 616
   at WMSCustomerPortal.Web.Controllers.ReportsController.GetOutbound(JQueryDataTableParamModel param, String formData) in C:\Users\27815\Documents\RamCustomerPortal2\RAM.WMSCustomerPortal\WMSCustomerPortal.Web\Controllers\ReportsController.cs:line 560
ClientConnectionId:e34d2cd7-2d64-417c-84a8-74c227cfbaff
Error Number:-2,State:0,Class:11
2020-09-14 01:46:14,121 [GetDispatchedDataFilter] [ERROR] WMSCustomerPortal.Web.Controllers.ReportsController - Execution Timeout Expired.  The timeout period elapsed prior to completion of the operation or the server is not responding.
System.Data.SqlClient.SqlException (0x80131904): Execution Timeout Expired.  The timeout period elapsed prior to completion of the operation or the server is not responding. ---> System.ComponentModel.Win32Exception (0x80004005): The wait operation timed out
   at WMSCustomerPortal.Models.Entities.Orders.GetOutbound(Int32 principalID, DateTime DateFrom, DateTime DateTo, String UserName) in C:\Users\27815\Documents\RamCustomerPortal2\RAM.WMSCustomerPortal\WMSCustomerPortal.Models\Entities\Orders.cs:line 616
   at WMSCustomerPortal.Web.Controllers.ReportsController.GetOutbound(JQueryDataTableParamModel param, String formData) in C:\Users\27815\Documents\RamCustomerPortal2\RAM.WMSCustomerPortal\WMSCustomerPortal.Web\Controllers\ReportsController.cs:line 560
ClientConnectionId:e34d2cd7-2d64-417c-84a8-74c227cfbaff
Error Number:-2,State:0,Class:11
2020-09-14 01:48:43,933 [GetDispatchedDataFilter] [ERROR] WMSCustomerPortal.Web.Controllers.ReportsController - Execution Timeout Expired.  The timeout period elapsed prior to completion of the operation or the server is not responding.
System.Data.SqlClient.SqlException (0x80131904): Execution Timeout Expired.  The timeout period elapsed prior to completion of the operation or the server is not responding. ---> System.ComponentModel.Win32Exception (0x80004005): The wait operation timed out
   at WMSCustomerPortal.Models.Entities.Orders.GetOutbound(Int32 principalID, DateTime DateFrom, DateTime DateTo, String UserName) in C:\Users\27815\Documents\RamCustomerPortal2\RAM.WMSCustomerPortal\WMSCustomerPortal.Models\Entities\Orders.cs:line 616
   at WMSCustomerPortal.Web.Controllers.ReportsController.GetOutbound(JQueryDataTableParamModel param, String formData) in C:\Users\27815\Documents\RamCustomerPortal2\RAM.WMSCustomerPortal\WMSCustomerPortal.Web\Controllers\ReportsController.cs:line 560
ClientConnectionId:e34d2cd7-2d64-417c-84a8-74c227cfbaff
Error Number:-2,State:0,Class:11
2020-09-14 01:50:40,466 [GetDispatchedDataFilter] [ERROR] WMSCustomerPortal.Web.Controllers.ReportsController - Execution Timeout Expired.  The timeout period elapsed prior to completion of the operation or the server is not responding.
System.Data.SqlClient.SqlException (0x80131904): Execution Timeout Expired.  The timeout period elapsed prior to completion of the operation or the server is not responding. ---> System.ComponentModel.Win32Exception (0x80004005): The wait operation timed out
   at WMSCustomerPortal.Models.Entities.Orders.GetOutbound(Int32 principalID, DateTime DateFrom, DateTime DateTo, String UserName) in C:\Users\27815\Documents\RamCustomerPortal2\RAM.WMSCustomerPortal\WMSCustomerPortal.Models\Entities\Orders.cs:line 616
   at WMSCustomerPortal.Web.Controllers.ReportsController.GetOutbound(JQueryDataTableParamModel param, String formData) in C:\Users\27815\Documents\RamCustomerPortal2\RAM.WMSCustomerPortal\WMSCustomerPortal.Web\Controllers\ReportsController.cs:line 560
ClientConnectionId:e34d2cd7-2d64-417c-84a8-74c227cfbaff
Error Number:-2,State:0,Class:11
2020-09-14 01:57:08,695 [GetStockOnHandFilter] [ERROR] WMSCustomerPortal.Web.Controllers.ReportsController - Execution Timeout Expired.  The timeout period elapsed prior to completion of the operation or the server is not responding.
System.Data.SqlClient.SqlException (0x80131904): Execution Timeout Expired.  The timeout period elapsed prior to completion of the operation or the server is not responding. ---> System.ComponentModel.Win32Exception (0x80004005): The wait operation timed out
   at WMSCustomerPortal.Models.Entities.ProductStaging.GetNewStockAgeDetailData(Int32 principalID, DateTime DateFrom, DateTime DateTo) in C:\Users\27815\Documents\RamCustomerPortal2\RAM.WMSCustomerPortal\WMSCustomerPortal.Models\Entities\ProductStaging.cs:line 818
   at WMSCustomerPortal.Web.Controllers.ReportsController.GetNewStockAgeDetail(JQueryDataTableParamModel param, String formData) in C:\Users\27815\Documents\RamCustomerPortal2\RAM.WMSCustomerPortal\WMSCustomerPortal.Web\Controllers\ReportsController.cs:line 299
ClientConnectionId:d3b07f64-3f1c-4a46-b217-b7a83a6773c0
Error Number:-2,State:0,Class:11
2020-09-14 13:39:27,627 [GetStockOnHandFilter] [ERROR] WMSCustomerPortal.Web.Controllers.ReportsController - Execution Timeout Expired.  The timeout period elapsed prior to completion of the operation or the server is not responding.
System.Data.SqlClient.SqlException (0x80131904): Execution Timeout Expired.  The timeout period elapsed prior to completion of the operation or the server is not responding. ---> System.ComponentModel.Win32Exception (0x80004005): The wait operation timed out
   at WMSCustomerPortal.Models.Entities.ProductStaging.GetNewStockAgeDetailData(Int32 principalID, DateTime DateFrom, DateTime DateTo) in C:\Users\27815\Documents\RamCustomerPortal2\RAM.WMSCustomerPortal\WMSCustomerPortal.Models\Entities\ProductStaging.cs:line 821
   at WMSCustomerPortal.Web.Controllers.ReportsController.GetNewStockAgeDetail(JQueryDataTableParamModel param, String formData) in C:\Users\27815\Documents\RamCustomerPortal2\RAM.WMSCustomerPortal\WMSCustomerPortal.Web\Controllers\ReportsController.cs:line 299
ClientConnectionId:63a3580c-2eec-43e2-9c04-813c78646da2
Error Number:-2,State:0,Class:11
