2020-09-18 02:27:45,229 [GetDispatchedDataFilter] [ERROR] WMSCustomerPortal.Web.Controllers.ReportsController - SqlDateTime overflow. Must be between 1/1/1753 12:00:00 AM and 12/31/9999 11:59:59 PM.
System.Data.SqlTypes.SqlTypeException: SqlDateTime overflow. Must be between 1/1/1753 12:00:00 AM and 12/31/9999 11:59:59 PM.
   at WMSCustomerPortal.Models.Entities.InboundMaster.GetInbound(Int32 principalID, DateTime DateFrom, DateTime DateTo, String UserName) in C:\Users\27815\Documents\RamCustomerPortal2\RAM.WMSCustomerPortal\WMSCustomerPortal.Models\Entities\InboundMaster.cs:line 631
   at WMSCustomerPortal.Web.Controllers.ReportsController.GetInbound(JQueryDataTableParamModel param, String formData) in C:\Users\27815\Documents\RamCustomerPortal2\RAM.WMSCustomerPortal\WMSCustomerPortal.Web\Controllers\ReportsController.cs:line 514
2020-09-18 02:27:46,959 [GetDispatchedDataFilter] [ERROR] WMSCustomerPortal.Web.Controllers.ReportsController - SqlDateTime overflow. Must be between 1/1/1753 12:00:00 AM and 12/31/9999 11:59:59 PM.
System.Data.SqlTypes.SqlTypeException: SqlDateTime overflow. Must be between 1/1/1753 12:00:00 AM and 12/31/9999 11:59:59 PM.
   at WMSCustomerPortal.Models.Entities.Orders.GetOutbound(Int32 principalID, DateTime DateFrom, DateTime DateTo, String UserName) in C:\Users\27815\Documents\RamCustomerPortal2\RAM.WMSCustomerPortal\WMSCustomerPortal.Models\Entities\Orders.cs:line 619
   at WMSCustomerPortal.Web.Controllers.ReportsController.GetOutbound(JQueryDataTableParamModel param, String formData) in C:\Users\27815\Documents\RamCustomerPortal2\RAM.WMSCustomerPortal\WMSCustomerPortal.Web\Controllers\ReportsController.cs:line 604
2020-09-18 02:27:47,467 [GetDispatchedDataFilter] [ERROR] WMSCustomerPortal.Web.Controllers.ReportsController - SqlDateTime overflow. Must be between 1/1/1753 12:00:00 AM and 12/31/9999 11:59:59 PM.
System.Data.SqlTypes.SqlTypeException: SqlDateTime overflow. Must be between 1/1/1753 12:00:00 AM and 12/31/9999 11:59:59 PM.
   at WMSCustomerPortal.Models.Entities.InboundMaster.GetReturns(Int32 principalID, DateTime DateFrom, DateTime DateTo, String UserName) in C:\Users\27815\Documents\RamCustomerPortal2\RAM.WMSCustomerPortal\WMSCustomerPortal.Models\Entities\InboundMaster.cs:line 657
   at WMSCustomerPortal.Web.Controllers.ReportsController.GetReturns(JQueryDataTableParamModel param, String formData) in C:\Users\27815\Documents\RamCustomerPortal2\RAM.WMSCustomerPortal\WMSCustomerPortal.Web\Controllers\ReportsController.cs:line 558
2020-09-18 02:27:47,565 [GetStockOnHandFilter] [ERROR] WMSCustomerPortal.Web.Controllers.ReportsController - SqlDateTime overflow. Must be between 1/1/1753 12:00:00 AM and 12/31/9999 11:59:59 PM.
System.Data.SqlTypes.SqlTypeException: SqlDateTime overflow. Must be between 1/1/1753 12:00:00 AM and 12/31/9999 11:59:59 PM.
   at WMSCustomerPortal.Models.Entities.ProductStaging.GetNewStockAgeDetailData(Int32 principalID, DateTime DateFrom, DateTime DateTo) in C:\Users\27815\Documents\RamCustomerPortal2\RAM.WMSCustomerPortal\WMSCustomerPortal.Models\Entities\ProductStaging.cs:line 821
   at WMSCustomerPortal.Web.Controllers.ReportsController.GetNewStockAgeDetail(JQueryDataTableParamModel param, String formData) in C:\Users\27815\Documents\RamCustomerPortal2\RAM.WMSCustomerPortal\WMSCustomerPortal.Web\Controllers\ReportsController.cs:line 299
2020-09-18 02:27:52,268 [GetDispatchedDataFilter] [ERROR] WMSCustomerPortal.Web.Controllers.ReportsController - SqlDateTime overflow. Must be between 1/1/1753 12:00:00 AM and 12/31/9999 11:59:59 PM.
System.Data.SqlTypes.SqlTypeException: SqlDateTime overflow. Must be between 1/1/1753 12:00:00 AM and 12/31/9999 11:59:59 PM.
   at WMSCustomerPortal.Models.Entities.InboundMaster.GetInbound(Int32 principalID, DateTime DateFrom, DateTime DateTo, String UserName) in C:\Users\27815\Documents\RamCustomerPortal2\RAM.WMSCustomerPortal\WMSCustomerPortal.Models\Entities\InboundMaster.cs:line 631
   at WMSCustomerPortal.Web.Controllers.ReportsController.GetInbound(JQueryDataTableParamModel param, String formData) in C:\Users\27815\Documents\RamCustomerPortal2\RAM.WMSCustomerPortal\WMSCustomerPortal.Web\Controllers\ReportsController.cs:line 514
2020-09-18 02:27:52,602 [GetDispatchedDataFilter] [ERROR] WMSCustomerPortal.Web.Controllers.ReportsController - SqlDateTime overflow. Must be between 1/1/1753 12:00:00 AM and 12/31/9999 11:59:59 PM.
System.Data.SqlTypes.SqlTypeException: SqlDateTime overflow. Must be between 1/1/1753 12:00:00 AM and 12/31/9999 11:59:59 PM.
   at WMSCustomerPortal.Models.Entities.Orders.GetOutbound(Int32 principalID, DateTime DateFrom, DateTime DateTo, String UserName) in C:\Users\27815\Documents\RamCustomerPortal2\RAM.WMSCustomerPortal\WMSCustomerPortal.Models\Entities\Orders.cs:line 619
   at WMSCustomerPortal.Web.Controllers.ReportsController.GetOutbound(JQueryDataTableParamModel param, String formData) in C:\Users\27815\Documents\RamCustomerPortal2\RAM.WMSCustomerPortal\WMSCustomerPortal.Web\Controllers\ReportsController.cs:line 604
2020-09-18 02:27:52,931 [GetDispatchedDataFilter] [ERROR] WMSCustomerPortal.Web.Controllers.ReportsController - SqlDateTime overflow. Must be between 1/1/1753 12:00:00 AM and 12/31/9999 11:59:59 PM.
System.Data.SqlTypes.SqlTypeException: SqlDateTime overflow. Must be between 1/1/1753 12:00:00 AM and 12/31/9999 11:59:59 PM.
   at WMSCustomerPortal.Models.Entities.InboundMaster.GetReturns(Int32 principalID, DateTime DateFrom, DateTime DateTo, String UserName) in C:\Users\27815\Documents\RamCustomerPortal2\RAM.WMSCustomerPortal\WMSCustomerPortal.Models\Entities\InboundMaster.cs:line 657
   at WMSCustomerPortal.Web.Controllers.ReportsController.GetReturns(JQueryDataTableParamModel param, String formData) in C:\Users\27815\Documents\RamCustomerPortal2\RAM.WMSCustomerPortal\WMSCustomerPortal.Web\Controllers\ReportsController.cs:line 558
2020-09-18 02:27:53,021 [GetStockOnHandFilter] [ERROR] WMSCustomerPortal.Web.Controllers.ReportsController - SqlDateTime overflow. Must be between 1/1/1753 12:00:00 AM and 12/31/9999 11:59:59 PM.
System.Data.SqlTypes.SqlTypeException: SqlDateTime overflow. Must be between 1/1/1753 12:00:00 AM and 12/31/9999 11:59:59 PM.
   at WMSCustomerPortal.Models.Entities.ProductStaging.GetNewStockAgeDetailData(Int32 principalID, DateTime DateFrom, DateTime DateTo) in C:\Users\27815\Documents\RamCustomerPortal2\RAM.WMSCustomerPortal\WMSCustomerPortal.Models\Entities\ProductStaging.cs:line 821
   at WMSCustomerPortal.Web.Controllers.ReportsController.GetNewStockAgeDetail(JQueryDataTableParamModel param, String formData) in C:\Users\27815\Documents\RamCustomerPortal2\RAM.WMSCustomerPortal\WMSCustomerPortal.Web\Controllers\ReportsController.cs:line 299
2020-09-18 02:27:56,575 [GetDispatchedDataFilter] [ERROR] WMSCustomerPortal.Web.Controllers.ReportsController - SqlDateTime overflow. Must be between 1/1/1753 12:00:00 AM and 12/31/9999 11:59:59 PM.
System.Data.SqlTypes.SqlTypeException: SqlDateTime overflow. Must be between 1/1/1753 12:00:00 AM and 12/31/9999 11:59:59 PM.
   at WMSCustomerPortal.Models.Entities.InboundMaster.GetInbound(Int32 principalID, DateTime DateFrom, DateTime DateTo, String UserName) in C:\Users\27815\Documents\RamCustomerPortal2\RAM.WMSCustomerPortal\WMSCustomerPortal.Models\Entities\InboundMaster.cs:line 631
   at WMSCustomerPortal.Web.Controllers.ReportsController.GetInbound(JQueryDataTableParamModel param, String formData) in C:\Users\27815\Documents\RamCustomerPortal2\RAM.WMSCustomerPortal\WMSCustomerPortal.Web\Controllers\ReportsController.cs:line 514
2020-09-18 02:27:56,928 [GetDispatchedDataFilter] [ERROR] WMSCustomerPortal.Web.Controllers.ReportsController - SqlDateTime overflow. Must be between 1/1/1753 12:00:00 AM and 12/31/9999 11:59:59 PM.
System.Data.SqlTypes.SqlTypeException: SqlDateTime overflow. Must be between 1/1/1753 12:00:00 AM and 12/31/9999 11:59:59 PM.
   at WMSCustomerPortal.Models.Entities.Orders.GetOutbound(Int32 principalID, DateTime DateFrom, DateTime DateTo, String UserName) in C:\Users\27815\Documents\RamCustomerPortal2\RAM.WMSCustomerPortal\WMSCustomerPortal.Models\Entities\Orders.cs:line 619
   at WMSCustomerPortal.Web.Controllers.ReportsController.GetOutbound(JQueryDataTableParamModel param, String formData) in C:\Users\27815\Documents\RamCustomerPortal2\RAM.WMSCustomerPortal\WMSCustomerPortal.Web\Controllers\ReportsController.cs:line 604
2020-09-18 02:27:57,282 [GetDispatchedDataFilter] [ERROR] WMSCustomerPortal.Web.Controllers.ReportsController - SqlDateTime overflow. Must be between 1/1/1753 12:00:00 AM and 12/31/9999 11:59:59 PM.
System.Data.SqlTypes.SqlTypeException: SqlDateTime overflow. Must be between 1/1/1753 12:00:00 AM and 12/31/9999 11:59:59 PM.
   at WMSCustomerPortal.Models.Entities.InboundMaster.GetReturns(Int32 principalID, DateTime DateFrom, DateTime DateTo, String UserName) in C:\Users\27815\Documents\RamCustomerPortal2\RAM.WMSCustomerPortal\WMSCustomerPortal.Models\Entities\InboundMaster.cs:line 657
   at WMSCustomerPortal.Web.Controllers.ReportsController.GetReturns(JQueryDataTableParamModel param, String formData) in C:\Users\27815\Documents\RamCustomerPortal2\RAM.WMSCustomerPortal\WMSCustomerPortal.Web\Controllers\ReportsController.cs:line 558
2020-09-18 02:27:57,370 [GetStockOnHandFilter] [ERROR] WMSCustomerPortal.Web.Controllers.ReportsController - SqlDateTime overflow. Must be between 1/1/1753 12:00:00 AM and 12/31/9999 11:59:59 PM.
System.Data.SqlTypes.SqlTypeException: SqlDateTime overflow. Must be between 1/1/1753 12:00:00 AM and 12/31/9999 11:59:59 PM.
   at WMSCustomerPortal.Models.Entities.ProductStaging.GetNewStockAgeDetailData(Int32 principalID, DateTime DateFrom, DateTime DateTo) in C:\Users\27815\Documents\RamCustomerPortal2\RAM.WMSCustomerPortal\WMSCustomerPortal.Models\Entities\ProductStaging.cs:line 821
   at WMSCustomerPortal.Web.Controllers.ReportsController.GetNewStockAgeDetail(JQueryDataTableParamModel param, String formData) in C:\Users\27815\Documents\RamCustomerPortal2\RAM.WMSCustomerPortal\WMSCustomerPortal.Web\Controllers\ReportsController.cs:line 299
2020-09-18 03:39:49,703 [OutboundMain] [ERROR] OutboundController - The "RenderBody" method has not been called for layout page "~/Views/Shared/_LayoutAdmin.cshtml".
System.Web.HttpException (0x80004005): The "RenderBody" method has not been called for layout page "~/Views/Shared/_LayoutAdmin.cshtml".
   at System.Web.WebPages.WebPageBase.VerifyRenderedBodyOrSections()
   at System.Web.WebPages.WebPageBase.PopContext()
   at System.Web.WebPages.WebPageBase.ExecutePageHierarchy(WebPageContext pageContext, TextWriter writer, WebPageRenderingBase startPage)
   at System.Web.WebPages.WebPageBase.<>c__DisplayClass3.<RenderPageCore>b__2(TextWriter writer)
   at System.Web.WebPages.HelperResult.WriteTo(TextWriter writer)
   at System.Web.WebPages.WebPageBase.Write(HelperResult result)
   at System.Web.WebPages.WebPageBase.RenderSurrounding(String partialViewName, Action`1 body)
   at System.Web.WebPages.WebPageBase.PopContext()
   at System.Web.WebPages.WebPageBase.ExecutePageHierarchy(WebPageContext pageContext, TextWriter writer, WebPageRenderingBase startPage)
   at System.Web.Mvc.RazorView.RenderView(ViewContext viewContext, TextWriter writer, Object instance)
   at System.Web.Mvc.BuildManagerCompiledView.Render(ViewContext viewContext, TextWriter writer)
   at System.Web.Mvc.ViewResultBase.ExecuteResult(ControllerContext context)
   at System.Web.Mvc.ControllerActionInvoker.InvokeActionResult(ControllerContext controllerContext, ActionResult actionResult)
   at System.Web.Mvc.ControllerActionInvoker.InvokeActionResultFilterRecursive(IList`1 filters, Int32 filterIndex, ResultExecutingContext preContext, ControllerContext controllerContext, ActionResult actionResult)
   at System.Web.Mvc.ControllerActionInvoker.InvokeActionResultFilterRecursive(IList`1 filters, Int32 filterIndex, ResultExecutingContext preContext, ControllerContext controllerContext, ActionResult actionResult)
   at System.Web.Mvc.ControllerActionInvoker.InvokeActionResultWithFilters(ControllerContext controllerContext, IList`1 filters, ActionResult actionResult)
   at System.Web.Mvc.Async.AsyncControllerActionInvoker.<>c__DisplayClass21.<>c__DisplayClass2b.<BeginInvokeAction>b__1c()
   at System.Web.Mvc.Async.AsyncControllerActionInvoker.<>c__DisplayClass21.<BeginInvokeAction>b__1e(IAsyncResult asyncResult)
